2025-08-21 00:01:08 INFO  [JavaFX Application Thread] com.zaxxer.hikari.HikariDataSource - CMS-Pool - Starting...
2025-08-21 00:01:09 INFO  [JavaFX Application Thread] com.zaxxer.hikari.pool.HikariPool - CMS-Pool - Added connection org.postgresql.jdbc.PgConnection@688520d1
2025-08-21 00:01:09 INFO  [JavaFX Application Thread] com.zaxxer.hikari.HikariDataSource - CMS-Pool - Start completed.
2025-08-21 00:01:09 INFO  [JavaFX Application Thread] c.c.c.utils.SessionManager - Session created for username=andrew userId=7410f974-39ec-4531-9184-f88522622a83 schoolId=9d47203f-4e54-47ac-a560-eeb277794e76 role=teacher
2025-08-21 00:01:09 INFO  [JavaFX Application Thread] c.c.c.controller.LoginController - User 'andrew' logged in successfully (userId=7410f974-39ec-4531-9184-f88522622a83, schoolId=9d47203f-4e54-47ac-a560-eeb277794e76, role=teacher)
2025-08-21 00:06:18 INFO  [JavaFX Application Thread] com.zaxxer.hikari.HikariDataSource - CMS-Pool - Starting...
2025-08-21 00:06:19 INFO  [JavaFX Application Thread] com.zaxxer.hikari.pool.HikariPool - CMS-Pool - Added connection org.postgresql.jdbc.PgConnection@5be75d9d
2025-08-21 00:06:19 INFO  [JavaFX Application Thread] com.zaxxer.hikari.HikariDataSource - CMS-Pool - Start completed.
2025-08-21 00:06:19 INFO  [JavaFX Application Thread] c.c.c.utils.SessionManager - Session created for username=andrew userId=7410f974-39ec-4531-9184-f88522622a83 schoolId=9d47203f-4e54-47ac-a560-eeb277794e76 role=teacher
2025-08-21 00:06:19 INFO  [JavaFX Application Thread] c.c.c.controller.LoginController - User 'andrew' logged in successfully (userId=7410f974-39ec-4531-9184-f88522622a83, schoolId=9d47203f-4e54-47ac-a560-eeb277794e76, role=teacher)
2025-08-21 00:08:46 INFO  [JavaFX Application Thread] com.zaxxer.hikari.HikariDataSource - CMS-Pool - Starting...
2025-08-21 00:08:47 INFO  [JavaFX Application Thread] com.zaxxer.hikari.pool.HikariPool - CMS-Pool - Added connection org.postgresql.jdbc.PgConnection@4cf8b384
2025-08-21 00:08:47 INFO  [JavaFX Application Thread] com.zaxxer.hikari.HikariDataSource - CMS-Pool - Start completed.
2025-08-21 00:08:47 INFO  [JavaFX Application Thread] c.c.c.utils.SessionManager - Session created for username=andrew userId=7410f974-39ec-4531-9184-f88522622a83 schoolId=9d47203f-4e54-47ac-a560-eeb277794e76 role=teacher
2025-08-21 00:08:47 INFO  [JavaFX Application Thread] c.c.c.controller.LoginController - User 'andrew' logged in successfully (userId=7410f974-39ec-4531-9184-f88522622a83, schoolId=9d47203f-4e54-47ac-a560-eeb277794e76, role=teacher)
2025-08-21 00:17:34 INFO  [JavaFX Application Thread] com.zaxxer.hikari.HikariDataSource - CMS-Pool - Starting...
2025-08-21 00:17:36 INFO  [JavaFX Application Thread] com.zaxxer.hikari.pool.HikariPool - CMS-Pool - Added connection org.postgresql.jdbc.PgConnection@1a57ecda
2025-08-21 00:17:36 INFO  [JavaFX Application Thread] com.zaxxer.hikari.HikariDataSource - CMS-Pool - Start completed.
2025-08-21 00:17:37 INFO  [JavaFX Application Thread] c.c.c.utils.SessionManager - Session created for username=andrew userId=7410f974-39ec-4531-9184-f88522622a83 schoolId=9d47203f-4e54-47ac-a560-eeb277794e76 role=teacher
2025-08-21 00:17:37 INFO  [JavaFX Application Thread] c.c.c.controller.LoginController - User 'andrew' logged in successfully (userId=7410f974-39ec-4531-9184-f88522622a83, schoolId=9d47203f-4e54-47ac-a560-eeb277794e76, role=teacher)
2025-08-21 00:21:49 INFO  [JavaFX Application Thread] com.zaxxer.hikari.HikariDataSource - CMS-Pool - Starting...
2025-08-21 00:21:50 INFO  [JavaFX Application Thread] com.zaxxer.hikari.pool.HikariPool - CMS-Pool - Added connection org.postgresql.jdbc.PgConnection@67820a79
2025-08-21 00:21:50 INFO  [JavaFX Application Thread] com.zaxxer.hikari.HikariDataSource - CMS-Pool - Start completed.
2025-08-21 00:21:51 INFO  [JavaFX Application Thread] c.c.c.utils.SessionManager - Session created for username=andrew userId=7410f974-39ec-4531-9184-f88522622a83 schoolId=9d47203f-4e54-47ac-a560-eeb277794e76 role=teacher
2025-08-21 00:21:51 INFO  [JavaFX Application Thread] c.c.c.controller.LoginController - User 'andrew' logged in successfully (userId=7410f974-39ec-4531-9184-f88522622a83, schoolId=9d47203f-4e54-47ac-a560-eeb277794e76, role=teacher)
2025-08-21 00:24:59 INFO  [JavaFX Application Thread] com.zaxxer.hikari.HikariDataSource - CMS-Pool - Starting...
2025-08-21 00:25:00 INFO  [JavaFX Application Thread] com.zaxxer.hikari.pool.HikariPool - CMS-Pool - Added connection org.postgresql.jdbc.PgConnection@153e55b2
2025-08-21 00:25:00 INFO  [JavaFX Application Thread] com.zaxxer.hikari.HikariDataSource - CMS-Pool - Start completed.
2025-08-21 00:25:01 INFO  [JavaFX Application Thread] c.c.c.controller.LoginController - Invalid password attempt for username=andrew
2025-08-21 00:25:10 INFO  [JavaFX Application Thread] c.c.c.utils.SessionManager - Session created for username=andrew userId=7410f974-39ec-4531-9184-f88522622a83 schoolId=9d47203f-4e54-47ac-a560-eeb277794e76 role=teacher
2025-08-21 00:25:10 INFO  [JavaFX Application Thread] c.c.c.controller.LoginController - User 'andrew' logged in successfully (userId=7410f974-39ec-4531-9184-f88522622a83, schoolId=9d47203f-4e54-47ac-a560-eeb277794e76, role=teacher)
