2025-08-12 06:24:43 INFO  [JavaFX Application Thread] c.c.c.utils.DatabaseConnector - Initializing database connection pool...
2025-08-12 06:24:44 INFO  [JavaFX Application Thread] com.zaxxer.hikari.HikariDataSource - ClubDBPool - Starting...
2025-08-12 06:24:54 INFO  [JavaFX Application Thread] com.zaxxer.hikari.pool.HikariPool - ClubDBPool - Added connection org.postgresql.jdbc.PgConnection@3fac175a
2025-08-12 06:24:54 INFO  [JavaFX Application Thread] com.zaxxer.hikari.HikariDataSource - ClubDBPool - Start completed.
2025-08-12 06:24:54 INFO  [JavaFX Application Thread] c.c.c.utils.DatabaseConnector - Database connection pool initialized successfully
2025-08-12 06:25:01 INFO  [JavaFX Application Thread] c.c.c.utils.SessionManager - Session created for username=mw1 userId=55cab5aa-3bc1-42a9-af0e-3c38ec9664f6 schoolId=9d47203f-4e54-47ac-a560-eeb277794e76
2025-08-12 06:25:01 INFO  [JavaFX Application Thread] c.c.c.controller.LoginController - User 'mw1' logged in successfully (userId=55cab5aa-3bc1-42a9-af0e-3c38ec9664f6, schoolId=9d47203f-4e54-47ac-a560-eeb277794e76, role=coordinator)
2025-08-12 06:26:12 INFO  [JavaFX Application Thread] c.c.c.utils.DatabaseConnector - Initializing database connection pool...
2025-08-12 06:26:12 INFO  [JavaFX Application Thread] com.zaxxer.hikari.HikariDataSource - ClubDBPool - Starting...
2025-08-12 06:26:14 INFO  [JavaFX Application Thread] com.zaxxer.hikari.pool.HikariPool - ClubDBPool - Added connection org.postgresql.jdbc.PgConnection@76d33dc
2025-08-12 06:26:14 INFO  [JavaFX Application Thread] com.zaxxer.hikari.HikariDataSource - ClubDBPool - Start completed.
2025-08-12 06:26:14 INFO  [JavaFX Application Thread] c.c.c.utils.DatabaseConnector - Database connection pool initialized successfully
2025-08-12 06:30:49 INFO  [JavaFX Application Thread] c.c.c.utils.DatabaseConnector - Initializing database connection pool...
2025-08-12 06:30:49 INFO  [JavaFX Application Thread] com.zaxxer.hikari.HikariDataSource - ClubDBPool - Starting...
2025-08-12 06:30:50 INFO  [JavaFX Application Thread] com.zaxxer.hikari.pool.HikariPool - ClubDBPool - Added connection org.postgresql.jdbc.PgConnection@718cf0e2
2025-08-12 06:30:50 INFO  [JavaFX Application Thread] com.zaxxer.hikari.HikariDataSource - ClubDBPool - Start completed.
2025-08-12 06:30:50 INFO  [JavaFX Application Thread] c.c.c.utils.DatabaseConnector - Database connection pool initialized successfully
2025-08-12 09:20:29 INFO  [JavaFX Application Thread] c.c.c.utils.DatabaseConnector - Initializing database connection pool...
2025-08-12 09:20:30 INFO  [JavaFX Application Thread] com.zaxxer.hikari.HikariDataSource - ClubDBPool - Starting...
2025-08-12 09:20:33 INFO  [JavaFX Application Thread] com.zaxxer.hikari.pool.HikariPool - ClubDBPool - Added connection org.postgresql.jdbc.PgConnection@1b788524
2025-08-12 09:20:33 INFO  [JavaFX Application Thread] com.zaxxer.hikari.HikariDataSource - ClubDBPool - Start completed.
2025-08-12 09:20:33 INFO  [JavaFX Application Thread] c.c.c.utils.DatabaseConnector - Database connection pool initialized successfully
2025-08-12 09:20:34 INFO  [JavaFX Application Thread] c.c.c.utils.SessionManager - Session created for username=mw1 userId=55cab5aa-3bc1-42a9-af0e-3c38ec9664f6 schoolId=9d47203f-4e54-47ac-a560-eeb277794e76
2025-08-12 09:20:34 INFO  [JavaFX Application Thread] c.c.c.controller.LoginController - User 'mw1' logged in successfully (userId=55cab5aa-3bc1-42a9-af0e-3c38ec9664f6, schoolId=9d47203f-4e54-47ac-a560-eeb277794e76, role=coordinator)
2025-08-12 09:21:05 INFO  [JavaFX Application Thread] c.c.c.utils.DatabaseConnector - Initializing database connection pool...
2025-08-12 09:21:05 INFO  [JavaFX Application Thread] com.zaxxer.hikari.HikariDataSource - ClubDBPool - Starting...
2025-08-12 09:21:05 INFO  [JavaFX Application Thread] com.zaxxer.hikari.pool.HikariPool - ClubDBPool - Added connection org.postgresql.jdbc.PgConnection@77243936
2025-08-12 09:21:05 INFO  [JavaFX Application Thread] com.zaxxer.hikari.HikariDataSource - ClubDBPool - Start completed.
2025-08-12 09:21:05 INFO  [JavaFX Application Thread] c.c.c.utils.DatabaseConnector - Database connection pool initialized successfully
2025-08-12 09:29:34 INFO  [JavaFX Application Thread] c.c.c.utils.DatabaseConnector - Initializing database connection pool...
2025-08-12 09:29:34 INFO  [JavaFX Application Thread] com.zaxxer.hikari.HikariDataSource - ClubDBPool - Starting...
2025-08-12 09:29:40 INFO  [JavaFX Application Thread] com.zaxxer.hikari.pool.HikariPool - ClubDBPool - Added connection org.postgresql.jdbc.PgConnection@6571b142
2025-08-12 09:29:40 INFO  [JavaFX Application Thread] com.zaxxer.hikari.HikariDataSource - ClubDBPool - Start completed.
2025-08-12 09:29:40 INFO  [JavaFX Application Thread] c.c.c.utils.DatabaseConnector - Database connection pool initialized successfully
2025-08-12 10:26:43 INFO  [JavaFX Application Thread] c.c.c.utils.DatabaseConnector - Initializing database connection pool...
2025-08-12 10:26:45 INFO  [JavaFX Application Thread] com.zaxxer.hikari.HikariDataSource - ClubDBPool - Starting...
2025-08-12 10:27:03 INFO  [JavaFX Application Thread] com.zaxxer.hikari.pool.HikariPool - ClubDBPool - Added connection org.postgresql.jdbc.PgConnection@6bc32fa2
2025-08-12 10:27:03 INFO  [JavaFX Application Thread] com.zaxxer.hikari.HikariDataSource - ClubDBPool - Start completed.
2025-08-12 10:27:03 INFO  [JavaFX Application Thread] c.c.c.utils.DatabaseConnector - Database connection pool initialized successfully
2025-08-12 10:34:15 INFO  [JavaFX Application Thread] c.c.c.utils.DatabaseConnector - Initializing database connection pool...
2025-08-12 10:34:18 INFO  [JavaFX Application Thread] com.zaxxer.hikari.HikariDataSource - ClubDBPool - Starting...
2025-08-12 10:34:22 INFO  [JavaFX Application Thread] com.zaxxer.hikari.pool.HikariPool - ClubDBPool - Added connection org.postgresql.jdbc.PgConnection@2112a10
2025-08-12 10:34:22 INFO  [JavaFX Application Thread] com.zaxxer.hikari.HikariDataSource - ClubDBPool - Start completed.
2025-08-12 10:34:22 INFO  [JavaFX Application Thread] c.c.c.utils.DatabaseConnector - Database connection pool initialized successfully
2025-08-12 10:45:44 INFO  [JavaFX Application Thread] c.c.c.utils.DatabaseConnector - Initializing database connection pool...
2025-08-12 10:45:44 INFO  [JavaFX Application Thread] com.zaxxer.hikari.HikariDataSource - ClubDBPool - Starting...
2025-08-12 10:45:47 INFO  [JavaFX Application Thread] com.zaxxer.hikari.pool.HikariPool - ClubDBPool - Added connection org.postgresql.jdbc.PgConnection@570c1f3
2025-08-12 10:45:47 INFO  [JavaFX Application Thread] com.zaxxer.hikari.HikariDataSource - ClubDBPool - Start completed.
2025-08-12 10:45:47 INFO  [JavaFX Application Thread] c.c.c.utils.DatabaseConnector - Database connection pool initialized successfully
2025-08-12 10:53:09 INFO  [JavaFX Application Thread] c.c.c.utils.DatabaseConnector - Initializing database connection pool...
2025-08-12 10:53:09 INFO  [JavaFX Application Thread] com.zaxxer.hikari.HikariDataSource - ClubDBPool - Starting...
2025-08-12 10:53:10 INFO  [JavaFX Application Thread] com.zaxxer.hikari.pool.HikariPool - ClubDBPool - Added connection org.postgresql.jdbc.PgConnection@557bbc8c
2025-08-12 10:53:10 INFO  [JavaFX Application Thread] com.zaxxer.hikari.HikariDataSource - ClubDBPool - Start completed.
2025-08-12 10:53:10 INFO  [JavaFX Application Thread] c.c.c.utils.DatabaseConnector - Database connection pool initialized successfully
2025-08-12 10:59:26 INFO  [JavaFX Application Thread] c.c.c.utils.DatabaseConnector - Initializing database connection pool...
2025-08-12 10:59:26 INFO  [JavaFX Application Thread] com.zaxxer.hikari.HikariDataSource - ClubDBPool - Starting...
2025-08-12 10:59:32 INFO  [JavaFX Application Thread] com.zaxxer.hikari.pool.HikariPool - ClubDBPool - Added connection org.postgresql.jdbc.PgConnection@e80e6ef
2025-08-12 10:59:32 INFO  [JavaFX Application Thread] com.zaxxer.hikari.HikariDataSource - ClubDBPool - Start completed.
2025-08-12 10:59:32 INFO  [JavaFX Application Thread] c.c.c.utils.DatabaseConnector - Database connection pool initialized successfully
2025-08-12 11:22:39 INFO  [JavaFX Application Thread] c.c.c.utils.DatabaseConnector - Initializing database connection pool...
2025-08-12 11:22:39 INFO  [JavaFX Application Thread] com.zaxxer.hikari.HikariDataSource - ClubDBPool - Starting...
2025-08-12 11:22:47 INFO  [JavaFX Application Thread] com.zaxxer.hikari.pool.HikariPool - ClubDBPool - Added connection org.postgresql.jdbc.PgConnection@6bc32fa2
2025-08-12 11:22:47 INFO  [JavaFX Application Thread] com.zaxxer.hikari.HikariDataSource - ClubDBPool - Start completed.
2025-08-12 11:22:47 INFO  [JavaFX Application Thread] c.c.c.utils.DatabaseConnector - Database connection pool initialized successfully
2025-08-12 11:22:49 ERROR [JavaFX Application Thread] c.c.c.controller.LoginController - Error sending reset email: ERROR: column "reset_token" of relation "users" does not exist
  Position: 18
org.postgresql.util.PSQLException: ERROR: column "reset_token" of relation "users" does not exist
  Position: 18
	at org.postgresql.jdbc@42.7.3/org.postgresql.core.v3.QueryExecutorImpl.receiveErrorResponse(QueryExecutorImpl.java:2725)
	at org.postgresql.jdbc@42.7.3/org.postgresql.core.v3.QueryExecutorImpl.processResults(QueryExecutorImpl.java:2412)
	at org.postgresql.jdbc@42.7.3/org.postgresql.core.v3.QueryExecutorImpl.execute(QueryExecutorImpl.java:371)
	at org.postgresql.jdbc@42.7.3/org.postgresql.jdbc.PgStatement.executeInternal(PgStatement.java:502)
	at org.postgresql.jdbc@42.7.3/org.postgresql.jdbc.PgStatement.execute(PgStatement.java:419)
	at org.postgresql.jdbc@42.7.3/org.postgresql.jdbc.PgPreparedStatement.executeWithFlags(PgPreparedStatement.java:194)
	at org.postgresql.jdbc@42.7.3/org.postgresql.jdbc.PgPreparedStatement.executeUpdate(PgPreparedStatement.java:155)
	at com.zaxxer.hikari@5.1.0/com.zaxxer.hikari.pool.ProxyPreparedStatement.executeUpdate(ProxyPreparedStatement.java:61)
	at com.zaxxer.hikari@5.1.0/com.zaxxer.hikari.pool.HikariProxyPreparedStatement.executeUpdate(HikariProxyPreparedStatement.java)
	at com.cms.clubmanagementsystem/com.cms.clubmanagementsystem.controller.LoginController.sendPasswordResetEmail(LoginController.java:330)
	at com.cms.clubmanagementsystem/com.cms.clubmanagementsystem.controller.LoginController.lambda$handleForgotPassword$0(LoginController.java:247)
	at java.base/java.util.Optional.ifPresent(Optional.java:178)
	at com.cms.clubmanagementsystem/com.cms.clubmanagementsystem.controller.LoginController.handleForgotPassword(LoginController.java:240)
	at java.base/jdk.internal.reflect.DirectMethodHandleAccessor.invoke(DirectMethodHandleAccessor.java:103)
	at java.base/java.lang.reflect.Method.invoke(Method.java:580)
	at com.sun.javafx.reflect.Trampoline.invoke(MethodUtil.java:72)
	at java.base/jdk.internal.reflect.DirectMethodHandleAccessor.invoke(DirectMethodHandleAccessor.java:103)
	at java.base/java.lang.reflect.Method.invoke(Method.java:580)
	at javafx.base@21.0.7/com.sun.javafx.reflect.MethodUtil.invoke(MethodUtil.java:270)
	at javafx.fxml@21.0.7/com.sun.javafx.fxml.MethodHelper.invoke(MethodHelper.java:84)
	at javafx.fxml@21.0.7/javafx.fxml.FXMLLoader$MethodHandler.invoke(FXMLLoader.java:1853)
	at javafx.fxml@21.0.7/javafx.fxml.FXMLLoader$ControllerMethodEventHandler.handle(FXMLLoader.java:1726)
	at javafx.base@21.0.7/com.sun.javafx.event.CompositeEventHandler.dispatchBubblingEvent(CompositeEventHandler.java:86)
	at javafx.base@21.0.7/com.sun.javafx.event.EventHandlerManager.dispatchBubblingEvent(EventHandlerManager.java:232)
	at javafx.base@21.0.7/com.sun.javafx.event.EventHandlerManager.dispatchBubblingEvent(EventHandlerManager.java:189)
	at javafx.base@21.0.7/com.sun.javafx.event.CompositeEventDispatcher.dispatchBubblingEvent(CompositeEventDispatcher.java:59)
	at javafx.base@21.0.7/com.sun.javafx.event.BasicEventDispatcher.dispatchEvent(BasicEventDispatcher.java:58)
	at javafx.base@21.0.7/com.sun.javafx.event.EventDispatchChainImpl.dispatchEvent(EventDispatchChainImpl.java:114)
	at javafx.base@21.0.7/com.sun.javafx.event.BasicEventDispatcher.dispatchEvent(BasicEventDispatcher.java:56)
	at javafx.base@21.0.7/com.sun.javafx.event.EventDispatchChainImpl.dispatchEvent(EventDispatchChainImpl.java:114)
	at javafx.base@21.0.7/com.sun.javafx.event.BasicEventDispatcher.dispatchEvent(BasicEventDispatcher.java:56)
	at javafx.base@21.0.7/com.sun.javafx.event.EventDispatchChainImpl.dispatchEvent(EventDispatchChainImpl.java:114)
	at javafx.base@21.0.7/com.sun.javafx.event.EventUtil.fireEventImpl(EventUtil.java:74)
	at javafx.base@21.0.7/com.sun.javafx.event.EventUtil.fireEvent(EventUtil.java:49)
	at javafx.base@21.0.7/javafx.event.Event.fireEvent(Event.java:198)
	at javafx.graphics@21.0.7/javafx.scene.Node.fireEvent(Node.java:8875)
	at javafx.controls@21.0.7/javafx.scene.control.Hyperlink.fire(Hyperlink.java:156)
	at javafx.controls@21.0.7/com.sun.javafx.scene.control.behavior.ButtonBehavior.mouseReleased(ButtonBehavior.java:207)
	at javafx.controls@21.0.7/com.sun.javafx.scene.control.inputmap.InputMap.handle(InputMap.java:274)
	at javafx.base@21.0.7/com.sun.javafx.event.CompositeEventHandler$NormalEventHandlerRecord.handleBubblingEvent(CompositeEventHandler.java:247)
	at javafx.base@21.0.7/com.sun.javafx.event.CompositeEventHandler.dispatchBubblingEvent(CompositeEventHandler.java:80)
	at javafx.base@21.0.7/com.sun.javafx.event.EventHandlerManager.dispatchBubblingEvent(EventHandlerManager.java:232)
	at javafx.base@21.0.7/com.sun.javafx.event.EventHandlerManager.dispatchBubblingEvent(EventHandlerManager.java:189)
	at javafx.base@21.0.7/com.sun.javafx.event.CompositeEventDispatcher.dispatchBubblingEvent(CompositeEventDispatcher.java:59)
	at javafx.base@21.0.7/com.sun.javafx.event.BasicEventDispatcher.dispatchEvent(BasicEventDispatcher.java:58)
	at javafx.base@21.0.7/com.sun.javafx.event.EventDispatchChainImpl.dispatchEvent(EventDispatchChainImpl.java:114)
	at javafx.base@21.0.7/com.sun.javafx.event.BasicEventDispatcher.dispatchEvent(BasicEventDispatcher.java:56)
	at javafx.base@21.0.7/com.sun.javafx.event.EventDispatchChainImpl.dispatchEvent(EventDispatchChainImpl.java:114)
	at javafx.base@21.0.7/com.sun.javafx.event.BasicEventDispatcher.dispatchEvent(BasicEventDispatcher.java:56)
	at javafx.base@21.0.7/com.sun.javafx.event.EventDispatchChainImpl.dispatchEvent(EventDispatchChainImpl.java:114)
	at javafx.base@21.0.7/com.sun.javafx.event.EventUtil.fireEventImpl(EventUtil.java:74)
	at javafx.base@21.0.7/com.sun.javafx.event.EventUtil.fireEvent(EventUtil.java:54)
	at javafx.base@21.0.7/javafx.event.Event.fireEvent(Event.java:198)
	at javafx.graphics@21.0.7/javafx.scene.Scene$MouseHandler.process(Scene.java:3984)
	at javafx.graphics@21.0.7/javafx.scene.Scene.processMouseEvent(Scene.java:1890)
	at javafx.graphics@21.0.7/javafx.scene.Scene$ScenePeerListener.mouseEvent(Scene.java:2708)
	at javafx.graphics@21.0.7/com.sun.javafx.tk.quantum.GlassViewEventHandler$MouseEventNotification.run(GlassViewEventHandler.java:411)
	at javafx.graphics@21.0.7/com.sun.javafx.tk.quantum.GlassViewEventHandler$MouseEventNotification.run(GlassViewEventHandler.java:301)
	at java.base/java.security.AccessController.doPrivileged(AccessController.java:400)
	at javafx.graphics@21.0.7/com.sun.javafx.tk.quantum.GlassViewEventHandler.lambda$handleMouseEvent$2(GlassViewEventHandler.java:450)
	at javafx.graphics@21.0.7/com.sun.javafx.tk.quantum.QuantumToolkit.runWithoutRenderLock(QuantumToolkit.java:424)
	at javafx.graphics@21.0.7/com.sun.javafx.tk.quantum.GlassViewEventHandler.handleMouseEvent(GlassViewEventHandler.java:449)
	at javafx.graphics@21.0.7/com.sun.glass.ui.View.handleMouseEvent(View.java:551)
	at javafx.graphics@21.0.7/com.sun.glass.ui.View.notifyMouse(View.java:937)
	at javafx.graphics@21.0.7/com.sun.glass.ui.win.WinApplication._runLoop(Native Method)
	at javafx.graphics@21.0.7/com.sun.glass.ui.win.WinApplication.lambda$runLoop$3(WinApplication.java:185)
	at java.base/java.lang.Thread.run(Thread.java:1583)
2025-08-12 11:29:29 INFO  [JavaFX Application Thread] c.c.c.utils.DatabaseConnector - Initializing database connection pool...
2025-08-12 11:29:29 INFO  [JavaFX Application Thread] com.zaxxer.hikari.HikariDataSource - ClubDBPool - Starting...
2025-08-12 11:29:30 INFO  [JavaFX Application Thread] com.zaxxer.hikari.pool.HikariPool - ClubDBPool - Added connection org.postgresql.jdbc.PgConnection@5b1cfa8c
2025-08-12 11:29:31 INFO  [JavaFX Application Thread] com.zaxxer.hikari.HikariDataSource - ClubDBPool - Start completed.
2025-08-12 11:29:31 INFO  [JavaFX Application Thread] c.c.c.utils.DatabaseConnector - Database connection pool initialized successfully
2025-08-12 11:49:44 INFO  [JavaFX Application Thread] c.c.c.utils.DatabaseConnector - Initializing database connection pool...
2025-08-12 11:49:46 INFO  [JavaFX Application Thread] com.zaxxer.hikari.HikariDataSource - ClubDBPool - Starting...
2025-08-12 11:49:55 ERROR [JavaFX Application Thread] c.c.c.utils.DatabaseConnector - CRITICAL: Failed to initialize database connection pool
com.zaxxer.hikari.pool.HikariPool$PoolInitializationException: Failed to initialize pool: The connection attempt failed.
	at com.zaxxer.hikari@5.1.0/com.zaxxer.hikari.pool.HikariPool.throwPoolInitializationException(HikariPool.java:584)
	at com.zaxxer.hikari@5.1.0/com.zaxxer.hikari.pool.HikariPool.checkFailFast(HikariPool.java:571)
	at com.zaxxer.hikari@5.1.0/com.zaxxer.hikari.pool.HikariPool.<init>(HikariPool.java:98)
	at com.zaxxer.hikari@5.1.0/com.zaxxer.hikari.HikariDataSource.<init>(HikariDataSource.java:80)
	at com.cms.clubmanagementsystem/com.cms.clubmanagementsystem.utils.DatabaseConnector.<clinit>(DatabaseConnector.java:26)
	at com.cms.clubmanagementsystem/com.cms.clubmanagementsystem.controller.LoginController.sendPasswordResetEmail(LoginController.java:287)
	at com.cms.clubmanagementsystem/com.cms.clubmanagementsystem.controller.LoginController.lambda$handleForgotPassword$0(LoginController.java:247)
	at java.base/java.util.Optional.ifPresent(Optional.java:178)
	at com.cms.clubmanagementsystem/com.cms.clubmanagementsystem.controller.LoginController.handleForgotPassword(LoginController.java:240)
	at java.base/jdk.internal.reflect.DirectMethodHandleAccessor.invoke(DirectMethodHandleAccessor.java:103)
	at java.base/java.lang.reflect.Method.invoke(Method.java:580)
	at com.sun.javafx.reflect.Trampoline.invoke(MethodUtil.java:72)
	at java.base/jdk.internal.reflect.DirectMethodHandleAccessor.invoke(DirectMethodHandleAccessor.java:103)
	at java.base/java.lang.reflect.Method.invoke(Method.java:580)
	at javafx.base@21.0.7/com.sun.javafx.reflect.MethodUtil.invoke(MethodUtil.java:270)
	at javafx.fxml@21.0.7/com.sun.javafx.fxml.MethodHelper.invoke(MethodHelper.java:84)
	at javafx.fxml@21.0.7/javafx.fxml.FXMLLoader$MethodHandler.invoke(FXMLLoader.java:1853)
	at javafx.fxml@21.0.7/javafx.fxml.FXMLLoader$ControllerMethodEventHandler.handle(FXMLLoader.java:1726)
	at javafx.base@21.0.7/com.sun.javafx.event.CompositeEventHandler.dispatchBubblingEvent(CompositeEventHandler.java:86)
	at javafx.base@21.0.7/com.sun.javafx.event.EventHandlerManager.dispatchBubblingEvent(EventHandlerManager.java:232)
	at javafx.base@21.0.7/com.sun.javafx.event.EventHandlerManager.dispatchBubblingEvent(EventHandlerManager.java:189)
	at javafx.base@21.0.7/com.sun.javafx.event.CompositeEventDispatcher.dispatchBubblingEvent(CompositeEventDispatcher.java:59)
	at javafx.base@21.0.7/com.sun.javafx.event.BasicEventDispatcher.dispatchEvent(BasicEventDispatcher.java:58)
	at javafx.base@21.0.7/com.sun.javafx.event.EventDispatchChainImpl.dispatchEvent(EventDispatchChainImpl.java:114)
	at javafx.base@21.0.7/com.sun.javafx.event.BasicEventDispatcher.dispatchEvent(BasicEventDispatcher.java:56)
	at javafx.base@21.0.7/com.sun.javafx.event.EventDispatchChainImpl.dispatchEvent(EventDispatchChainImpl.java:114)
	at javafx.base@21.0.7/com.sun.javafx.event.BasicEventDispatcher.dispatchEvent(BasicEventDispatcher.java:56)
	at javafx.base@21.0.7/com.sun.javafx.event.EventDispatchChainImpl.dispatchEvent(EventDispatchChainImpl.java:114)
	at javafx.base@21.0.7/com.sun.javafx.event.EventUtil.fireEventImpl(EventUtil.java:74)
	at javafx.base@21.0.7/com.sun.javafx.event.EventUtil.fireEvent(EventUtil.java:49)
	at javafx.base@21.0.7/javafx.event.Event.fireEvent(Event.java:198)
	at javafx.graphics@21.0.7/javafx.scene.Node.fireEvent(Node.java:8875)
	at javafx.controls@21.0.7/javafx.scene.control.Hyperlink.fire(Hyperlink.java:156)
	at javafx.controls@21.0.7/com.sun.javafx.scene.control.behavior.ButtonBehavior.mouseReleased(ButtonBehavior.java:207)
	at javafx.controls@21.0.7/com.sun.javafx.scene.control.inputmap.InputMap.handle(InputMap.java:274)
	at javafx.base@21.0.7/com.sun.javafx.event.CompositeEventHandler$NormalEventHandlerRecord.handleBubblingEvent(CompositeEventHandler.java:247)
	at javafx.base@21.0.7/com.sun.javafx.event.CompositeEventHandler.dispatchBubblingEvent(CompositeEventHandler.java:80)
	at javafx.base@21.0.7/com.sun.javafx.event.EventHandlerManager.dispatchBubblingEvent(EventHandlerManager.java:232)
	at javafx.base@21.0.7/com.sun.javafx.event.EventHandlerManager.dispatchBubblingEvent(EventHandlerManager.java:189)
	at javafx.base@21.0.7/com.sun.javafx.event.CompositeEventDispatcher.dispatchBubblingEvent(CompositeEventDispatcher.java:59)
	at javafx.base@21.0.7/com.sun.javafx.event.BasicEventDispatcher.dispatchEvent(BasicEventDispatcher.java:58)
	at javafx.base@21.0.7/com.sun.javafx.event.EventDispatchChainImpl.dispatchEvent(EventDispatchChainImpl.java:114)
	at javafx.base@21.0.7/com.sun.javafx.event.BasicEventDispatcher.dispatchEvent(BasicEventDispatcher.java:56)
	at javafx.base@21.0.7/com.sun.javafx.event.EventDispatchChainImpl.dispatchEvent(EventDispatchChainImpl.java:114)
	at javafx.base@21.0.7/com.sun.javafx.event.BasicEventDispatcher.dispatchEvent(BasicEventDispatcher.java:56)
	at javafx.base@21.0.7/com.sun.javafx.event.EventDispatchChainImpl.dispatchEvent(EventDispatchChainImpl.java:114)
	at javafx.base@21.0.7/com.sun.javafx.event.EventUtil.fireEventImpl(EventUtil.java:74)
	at javafx.base@21.0.7/com.sun.javafx.event.EventUtil.fireEvent(EventUtil.java:54)
	at javafx.base@21.0.7/javafx.event.Event.fireEvent(Event.java:198)
	at javafx.graphics@21.0.7/javafx.scene.Scene$MouseHandler.process(Scene.java:3984)
	at javafx.graphics@21.0.7/javafx.scene.Scene.processMouseEvent(Scene.java:1890)
	at javafx.graphics@21.0.7/javafx.scene.Scene$ScenePeerListener.mouseEvent(Scene.java:2708)
	at javafx.graphics@21.0.7/com.sun.javafx.tk.quantum.GlassViewEventHandler$MouseEventNotification.run(GlassViewEventHandler.java:411)
	at javafx.graphics@21.0.7/com.sun.javafx.tk.quantum.GlassViewEventHandler$MouseEventNotification.run(GlassViewEventHandler.java:301)
	at java.base/java.security.AccessController.doPrivileged(AccessController.java:400)
	at javafx.graphics@21.0.7/com.sun.javafx.tk.quantum.GlassViewEventHandler.lambda$handleMouseEvent$2(GlassViewEventHandler.java:450)
	at javafx.graphics@21.0.7/com.sun.javafx.tk.quantum.QuantumToolkit.runWithoutRenderLock(QuantumToolkit.java:424)
	at javafx.graphics@21.0.7/com.sun.javafx.tk.quantum.GlassViewEventHandler.handleMouseEvent(GlassViewEventHandler.java:449)
	at javafx.graphics@21.0.7/com.sun.glass.ui.View.handleMouseEvent(View.java:551)
	at javafx.graphics@21.0.7/com.sun.glass.ui.View.notifyMouse(View.java:937)
	at javafx.graphics@21.0.7/com.sun.glass.ui.win.WinApplication._runLoop(Native Method)
	at javafx.graphics@21.0.7/com.sun.glass.ui.win.WinApplication.lambda$runLoop$3(WinApplication.java:185)
	at java.base/java.lang.Thread.run(Thread.java:1583)
Caused by: org.postgresql.util.PSQLException: The connection attempt failed.
	at org.postgresql.jdbc@42.7.3/org.postgresql.core.v3.ConnectionFactoryImpl.openConnectionImpl(ConnectionFactoryImpl.java:358)
	at org.postgresql.jdbc@42.7.3/org.postgresql.core.ConnectionFactory.openConnection(ConnectionFactory.java:54)
	at org.postgresql.jdbc@42.7.3/org.postgresql.jdbc.PgConnection.<init>(PgConnection.java:273)
	at org.postgresql.jdbc@42.7.3/org.postgresql.Driver.makeConnection(Driver.java:446)
	at org.postgresql.jdbc@42.7.3/org.postgresql.Driver.connect(Driver.java:298)
	at com.zaxxer.hikari@5.1.0/com.zaxxer.hikari.util.DriverDataSource.getConnection(DriverDataSource.java:137)
	at com.zaxxer.hikari@5.1.0/com.zaxxer.hikari.pool.PoolBase.newConnection(PoolBase.java:360)
	at com.zaxxer.hikari@5.1.0/com.zaxxer.hikari.pool.PoolBase.newPoolEntry(PoolBase.java:202)
	at com.zaxxer.hikari@5.1.0/com.zaxxer.hikari.pool.HikariPool.createPoolEntry(HikariPool.java:461)
	at com.zaxxer.hikari@5.1.0/com.zaxxer.hikari.pool.HikariPool.checkFailFast(HikariPool.java:550)
	... 61 common frames omitted
Caused by: java.net.SocketTimeoutException: Read timed out
	at java.base/sun.nio.ch.NioSocketImpl.timedRead(NioSocketImpl.java:278)
	at java.base/sun.nio.ch.NioSocketImpl.implRead(NioSocketImpl.java:304)
	at java.base/sun.nio.ch.NioSocketImpl.read(NioSocketImpl.java:346)
	at java.base/sun.nio.ch.NioSocketImpl$1.read(NioSocketImpl.java:796)
	at java.base/java.net.Socket$SocketInputStream.read(Socket.java:1099)
	at org.postgresql.jdbc@42.7.3/org.postgresql.core.VisibleBufferedInputStream.readMore(VisibleBufferedInputStream.java:162)
	at org.postgresql.jdbc@42.7.3/org.postgresql.core.VisibleBufferedInputStream.ensureBytes(VisibleBufferedInputStream.java:129)
	at org.postgresql.jdbc@42.7.3/org.postgresql.core.VisibleBufferedInputStream.ensureBytes(VisibleBufferedInputStream.java:114)
	at org.postgresql.jdbc@42.7.3/org.postgresql.core.VisibleBufferedInputStream.read(VisibleBufferedInputStream.java:74)
	at org.postgresql.jdbc@42.7.3/org.postgresql.core.PGStream.receiveChar(PGStream.java:467)
	at org.postgresql.jdbc@42.7.3/org.postgresql.core.v3.ConnectionFactoryImpl.enableSSL(ConnectionFactoryImpl.java:594)
	at org.postgresql.jdbc@42.7.3/org.postgresql.core.v3.ConnectionFactoryImpl.tryConnect(ConnectionFactoryImpl.java:195)
	at org.postgresql.jdbc@42.7.3/org.postgresql.core.v3.ConnectionFactoryImpl.openConnectionImpl(ConnectionFactoryImpl.java:262)
	... 70 common frames omitted
2025-08-12 11:54:01 INFO  [JavaFX Application Thread] c.c.c.utils.DatabaseConnector - Initializing database connection pool...
2025-08-12 11:54:01 INFO  [JavaFX Application Thread] com.zaxxer.hikari.HikariDataSource - ClubDBPool - Starting...
2025-08-12 11:54:04 INFO  [JavaFX Application Thread] com.zaxxer.hikari.pool.HikariPool - ClubDBPool - Added connection org.postgresql.jdbc.PgConnection@7afe6670
2025-08-12 11:54:04 INFO  [JavaFX Application Thread] com.zaxxer.hikari.HikariDataSource - ClubDBPool - Start completed.
2025-08-12 11:54:04 INFO  [JavaFX Application Thread] c.c.c.utils.DatabaseConnector - Database connection pool initialized successfully
2025-08-12 11:54:10 ERROR [JavaFX Application Thread] c.c.c.controller.LoginController - Email sending failed: jakarta.mail.AuthenticationFailedException: 535-5.7.8 Username and Password not accepted. For more information, go to
535 5.7.8  https://support.google.com/mail/?p=BadCredentials ffacd0b85a97d-3b8ff860acbsm17192347f8f.51 - gsmtp

