2025-08-23 05:08:22 INFO  [JavaFX Application Thread] com.zaxxer.hikari.HikariDataSource - CMS-Pool - Starting...
2025-08-23 05:08:27 INFO  [JavaFX Application Thread] com.zaxxer.hikari.pool.HikariPool - CMS-Pool - Added connection org.postgresql.jdbc.PgConnection@1dca1858
2025-08-23 05:08:27 INFO  [JavaFX Application Thread] com.zaxxer.hikari.HikariDataSource - CMS-Pool - Start completed.
2025-08-23 05:08:29 INFO  [JavaFX Application Thread] c.c.c.utils.SessionManager - Session created for username=mw1 userId=6748e77d-a21d-4fee-94ad-a0532bd88c68 schoolId=9d47203f-4e54-47ac-a560-eeb277794e76 schoolName=main campus role=coordinator
2025-08-23 05:08:29 INFO  [JavaFX Application Thread] c.c.c.controller.LoginController - User 'mw1' logged in successfully (userId=6748e77d-a21d-4fee-94ad-a0532bd88c68, schoolId=9d47203f-4e54-47ac-a560-eeb277794e76, role=coordinator)
2025-08-23 05:08:29 INFO  [JavaFX Application Thread] c.c.c.controller.OverviewController - Initializing OverviewController
2025-08-23 05:08:29 INFO  [JavaFX Application Thread] c.c.c.controller.OverviewController - totalTeachersLabel: NOT NULL
2025-08-23 05:08:29 INFO  [JavaFX Application Thread] c.c.c.controller.OverviewController - totalLearnersLabel: NOT NULL
2025-08-23 05:08:29 INFO  [JavaFX Application Thread] c.c.c.controller.OverviewController - todayAttendanceLabel: NOT NULL
2025-08-23 05:08:29 INFO  [JavaFX Application Thread] c.c.c.controller.OverviewController - attendanceThisWeekLabel: NOT NULL
2025-08-23 05:08:29 INFO  [JavaFX Application Thread] c.c.c.controller.OverviewController - attendancePercentageLabel: NOT NULL
2025-08-23 05:08:29 INFO  [JavaFX Application Thread] c.c.c.controller.OverviewController - availableCapacityLabel: NOT NULL
2025-08-23 06:16:12 INFO  [JavaFX Application Thread] com.zaxxer.hikari.HikariDataSource - CMS-Pool - Starting...
2025-08-23 06:16:15 INFO  [JavaFX Application Thread] com.zaxxer.hikari.pool.HikariPool - CMS-Pool - Added connection org.postgresql.jdbc.PgConnection@50d88134
2025-08-23 06:16:15 INFO  [JavaFX Application Thread] com.zaxxer.hikari.HikariDataSource - CMS-Pool - Start completed.
2025-08-23 06:16:17 INFO  [JavaFX Application Thread] c.c.c.utils.SessionManager - Session created for username=mw1 userId=6748e77d-a21d-4fee-94ad-a0532bd88c68 schoolId=9d47203f-4e54-47ac-a560-eeb277794e76 schoolName=main campus role=coordinator
2025-08-23 06:16:17 INFO  [JavaFX Application Thread] c.c.c.controller.LoginController - User 'mw1' logged in successfully (userId=6748e77d-a21d-4fee-94ad-a0532bd88c68, schoolId=9d47203f-4e54-47ac-a560-eeb277794e76, role=coordinator)
2025-08-23 06:16:18 INFO  [JavaFX Application Thread] c.c.c.controller.OverviewController - Initializing OverviewController
2025-08-23 06:16:18 INFO  [JavaFX Application Thread] c.c.c.controller.OverviewController - totalTeachersLabel: NOT NULL
2025-08-23 06:16:18 INFO  [JavaFX Application Thread] c.c.c.controller.OverviewController - totalLearnersLabel: NOT NULL
2025-08-23 06:16:18 INFO  [JavaFX Application Thread] c.c.c.controller.OverviewController - todayAttendanceLabel: NOT NULL
2025-08-23 06:16:18 INFO  [JavaFX Application Thread] c.c.c.controller.OverviewController - attendanceThisWeekLabel: NOT NULL
2025-08-23 06:16:18 INFO  [JavaFX Application Thread] c.c.c.controller.OverviewController - attendancePercentageLabel: NOT NULL
2025-08-23 06:49:43 INFO  [JavaFX Application Thread] com.zaxxer.hikari.HikariDataSource - CMS-Pool - Starting...
2025-08-23 06:49:46 INFO  [JavaFX Application Thread] com.zaxxer.hikari.pool.HikariPool - CMS-Pool - Added connection org.postgresql.jdbc.PgConnection@1bc3ffa7
2025-08-23 06:49:46 INFO  [JavaFX Application Thread] com.zaxxer.hikari.HikariDataSource - CMS-Pool - Start completed.
2025-08-23 06:49:47 INFO  [JavaFX Application Thread] c.c.c.utils.SessionManager - Session created for username=mw1 userId=6748e77d-a21d-4fee-94ad-a0532bd88c68 schoolId=9d47203f-4e54-47ac-a560-eeb277794e76 schoolName=main campus role=coordinator
2025-08-23 06:49:47 INFO  [JavaFX Application Thread] c.c.c.controller.LoginController - User 'mw1' logged in successfully (userId=6748e77d-a21d-4fee-94ad-a0532bd88c68, schoolId=9d47203f-4e54-47ac-a560-eeb277794e76, role=coordinator)
2025-08-23 06:53:42 INFO  [JavaFX Application Thread] com.zaxxer.hikari.HikariDataSource - CMS-Pool - Starting...
2025-08-23 06:53:43 INFO  [JavaFX Application Thread] com.zaxxer.hikari.pool.HikariPool - CMS-Pool - Added connection org.postgresql.jdbc.PgConnection@38936152
2025-08-23 06:53:43 INFO  [JavaFX Application Thread] com.zaxxer.hikari.HikariDataSource - CMS-Pool - Start completed.
2025-08-23 06:53:43 INFO  [JavaFX Application Thread] c.c.c.controller.LoginController - Invalid password attempt for username=mw1
2025-08-23 06:53:48 INFO  [JavaFX Application Thread] c.c.c.utils.SessionManager - Session created for username=mw1 userId=6748e77d-a21d-4fee-94ad-a0532bd88c68 schoolId=9d47203f-4e54-47ac-a560-eeb277794e76 schoolName=main campus role=coordinator
2025-08-23 06:53:48 INFO  [JavaFX Application Thread] c.c.c.controller.LoginController - User 'mw1' logged in successfully (userId=6748e77d-a21d-4fee-94ad-a0532bd88c68, schoolId=9d47203f-4e54-47ac-a560-eeb277794e76, role=coordinator)
2025-08-23 07:00:28 INFO  [JavaFX Application Thread] com.zaxxer.hikari.HikariDataSource - CMS-Pool - Starting...
2025-08-23 07:00:29 INFO  [JavaFX Application Thread] com.zaxxer.hikari.pool.HikariPool - CMS-Pool - Added connection org.postgresql.jdbc.PgConnection@1f5bad
2025-08-23 07:00:29 INFO  [JavaFX Application Thread] com.zaxxer.hikari.HikariDataSource - CMS-Pool - Start completed.
2025-08-23 07:00:31 INFO  [JavaFX Application Thread] c.c.c.utils.SessionManager - Session created for username=mw1 userId=6748e77d-a21d-4fee-94ad-a0532bd88c68 schoolId=9d47203f-4e54-47ac-a560-eeb277794e76 schoolName=main campus role=coordinator
2025-08-23 07:00:31 INFO  [JavaFX Application Thread] c.c.c.controller.LoginController - User 'mw1' logged in successfully (userId=6748e77d-a21d-4fee-94ad-a0532bd88c68, schoolId=9d47203f-4e54-47ac-a560-eeb277794e76, role=coordinator)
2025-08-23 07:46:44 INFO  [JavaFX Application Thread] com.zaxxer.hikari.HikariDataSource - CMS-Pool - Starting...
2025-08-23 07:52:08 INFO  [JavaFX Application Thread] com.zaxxer.hikari.HikariDataSource - CMS-Pool - Starting...
2025-08-23 07:52:16 INFO  [JavaFX Application Thread] com.zaxxer.hikari.pool.HikariPool - CMS-Pool - Added connection org.postgresql.jdbc.PgConnection@4e41bef0
2025-08-23 07:52:16 INFO  [JavaFX Application Thread] com.zaxxer.hikari.HikariDataSource - CMS-Pool - Start completed.
2025-08-23 07:52:19 INFO  [JavaFX Application Thread] c.c.c.utils.SessionManager - Session created for username=mw1 userId=6748e77d-a21d-4fee-94ad-a0532bd88c68 schoolId=9d47203f-4e54-47ac-a560-eeb277794e76 schoolName=main campus role=coordinator
2025-08-23 07:52:19 INFO  [JavaFX Application Thread] c.c.c.controller.LoginController - User 'mw1' logged in successfully (userId=6748e77d-a21d-4fee-94ad-a0532bd88c68, schoolId=9d47203f-4e54-47ac-a560-eeb277794e76, role=coordinator)
2025-08-23 08:01:02 INFO  [JavaFX Application Thread] com.zaxxer.hikari.HikariDataSource - CMS-Pool - Starting...
2025-08-23 08:01:06 INFO  [JavaFX Application Thread] com.zaxxer.hikari.pool.HikariPool - CMS-Pool - Added connection org.postgresql.jdbc.PgConnection@39ea9624
2025-08-23 08:01:06 INFO  [JavaFX Application Thread] com.zaxxer.hikari.HikariDataSource - CMS-Pool - Start completed.
2025-08-23 08:01:08 INFO  [JavaFX Application Thread] c.c.c.utils.SessionManager - Session created for username=mw1 userId=6748e77d-a21d-4fee-94ad-a0532bd88c68 schoolId=9d47203f-4e54-47ac-a560-eeb277794e76 schoolName=main campus role=coordinator
2025-08-23 08:01:08 INFO  [JavaFX Application Thread] c.c.c.controller.LoginController - User 'mw1' logged in successfully (userId=6748e77d-a21d-4fee-94ad-a0532bd88c68, schoolId=9d47203f-4e54-47ac-a560-eeb277794e76, role=coordinator)
2025-08-23 08:01:08 INFO  [JavaFX Application Thread] c.c.c.controller.OverviewController - === OVERVIEW CONTROLLER INITIALIZATION ===
2025-08-23 08:01:08 INFO  [JavaFX Application Thread] c.c.c.controller.OverviewController - ✅ totalClubsLabel injected successfully
2025-08-23 08:01:08 INFO  [JavaFX Application Thread] c.c.c.controller.OverviewController - ✅ totalMembersLabel injected successfully
2025-08-23 08:01:08 INFO  [JavaFX Application Thread] c.c.c.controller.OverviewController - ✅ totalTeachersLabel injected successfully
2025-08-23 08:01:08 INFO  [JavaFX Application Thread] c.c.c.controller.OverviewController - ✅ totalLearnersLabel injected successfully
2025-08-23 08:01:08 INFO  [JavaFX Application Thread] c.c.c.controller.OverviewController - ✅ todayAttendanceLabel injected successfully
2025-08-23 08:01:08 INFO  [JavaFX Application Thread] c.c.c.controller.OverviewController - ✅ attendanceThisWeekLabel injected successfully
2025-08-23 08:01:08 INFO  [JavaFX Application Thread] c.c.c.controller.OverviewController - ✅ attendancePercentageLabel injected successfully
2025-08-23 08:01:08 INFO  [JavaFX Application Thread] c.c.c.controller.OverviewController - ✅ weeklyAttendanceRateLabel injected successfully
2025-08-23 08:01:08 INFO  [JavaFX Application Thread] c.c.c.controller.OverviewController - ✅ participationRateLabel injected successfully
2025-08-23 08:01:08 INFO  [JavaFX Application Thread] c.c.c.controller.OverviewController - ✅ lastUpdatedLabel injected successfully
2025-08-23 08:01:08 INFO  [JavaFX Application Thread] c.c.c.controller.OverviewController - ✅ systemStatusLabel injected successfully
2025-08-23 08:01:08 INFO  [JavaFX Application Thread] c.c.c.controller.OverviewController - ✅ School ID found: 9d47203f-4e54-47ac-a560-eeb277794e76
2025-08-23 08:09:09 INFO  [JavaFX Application Thread] com.zaxxer.hikari.HikariDataSource - CMS-Pool - Starting...
2025-08-23 08:09:10 INFO  [JavaFX Application Thread] com.zaxxer.hikari.pool.HikariPool - CMS-Pool - Added connection org.postgresql.jdbc.PgConnection@3c1276e0
2025-08-23 08:09:10 INFO  [JavaFX Application Thread] com.zaxxer.hikari.HikariDataSource - CMS-Pool - Start completed.
2025-08-23 08:09:11 INFO  [JavaFX Application Thread] c.c.c.utils.SessionManager - Session created for username=mw1 userId=6748e77d-a21d-4fee-94ad-a0532bd88c68 schoolId=9d47203f-4e54-47ac-a560-eeb277794e76 schoolName=main campus role=coordinator
2025-08-23 08:09:11 INFO  [JavaFX Application Thread] c.c.c.controller.LoginController - User 'mw1' logged in successfully (userId=6748e77d-a21d-4fee-94ad-a0532bd88c68, schoolId=9d47203f-4e54-47ac-a560-eeb277794e76, role=coordinator)
2025-08-23 08:13:52 INFO  [JavaFX Application Thread] com.zaxxer.hikari.HikariDataSource - CMS-Pool - Starting...
2025-08-23 08:13:58 INFO  [JavaFX Application Thread] com.zaxxer.hikari.pool.HikariPool - CMS-Pool - Added connection org.postgresql.jdbc.PgConnection@b7c9667
2025-08-23 08:13:58 INFO  [JavaFX Application Thread] com.zaxxer.hikari.HikariDataSource - CMS-Pool - Start completed.
2025-08-23 08:13:59 INFO  [JavaFX Application Thread] c.c.c.controller.LoginController - Invalid password attempt for username=mw1
2025-08-23 08:14:07 INFO  [JavaFX Application Thread] c.c.c.utils.SessionManager - Session created for username=mw1 userId=6748e77d-a21d-4fee-94ad-a0532bd88c68 schoolId=9d47203f-4e54-47ac-a560-eeb277794e76 schoolName=main campus role=coordinator
2025-08-23 08:14:07 INFO  [JavaFX Application Thread] c.c.c.controller.LoginController - User 'mw1' logged in successfully (userId=6748e77d-a21d-4fee-94ad-a0532bd88c68, schoolId=9d47203f-4e54-47ac-a560-eeb277794e76, role=coordinator)
2025-08-23 08:14:07 INFO  [JavaFX Application Thread] c.c.c.controller.OverviewController - === OVERVIEW CONTROLLER INITIALIZATION ===
2025-08-23 08:14:07 ERROR [JavaFX Application Thread] c.c.c.controller.OverviewController - ❌ FXML INJECTION FAILED: totalClubsLabel is NULL
2025-08-23 08:14:07 ERROR [JavaFX Application Thread] c.c.c.controller.OverviewController - ❌ FXML INJECTION FAILED: totalMembersLabel is NULL
2025-08-23 08:14:07 ERROR [JavaFX Application Thread] c.c.c.controller.OverviewController - ❌ FXML INJECTION FAILED: totalTeachersLabel is NULL
2025-08-23 08:14:07 ERROR [JavaFX Application Thread] c.c.c.controller.OverviewController - ❌ FXML INJECTION FAILED: totalLearnersLabel is NULL
2025-08-23 08:14:07 ERROR [JavaFX Application Thread] c.c.c.controller.OverviewController - ❌ FXML INJECTION FAILED: todayAttendanceLabel is NULL
2025-08-23 08:14:07 ERROR [JavaFX Application Thread] c.c.c.controller.OverviewController - ❌ FXML INJECTION FAILED: attendanceThisWeekLabel is NULL
2025-08-23 08:14:07 ERROR [JavaFX Application Thread] c.c.c.controller.OverviewController - ❌ FXML INJECTION FAILED: attendancePercentageLabel is NULL
2025-08-23 08:14:07 ERROR [JavaFX Application Thread] c.c.c.controller.OverviewController - ❌ FXML INJECTION FAILED: weeklyAttendanceRateLabel is NULL
2025-08-23 08:14:07 ERROR [JavaFX Application Thread] c.c.c.controller.OverviewController - ❌ FXML INJECTION FAILED: participationRateLabel is NULL
2025-08-23 08:14:07 ERROR [JavaFX Application Thread] c.c.c.controller.OverviewController - ❌ FXML INJECTION FAILED: lastUpdatedLabel is NULL
2025-08-23 08:14:07 INFO  [JavaFX Application Thread] c.c.c.controller.OverviewController - ✅ systemStatusLabel injected successfully
2025-08-23 08:14:07 INFO  [JavaFX Application Thread] c.c.c.controller.OverviewController - ✅ School ID found: 9d47203f-4e54-47ac-a560-eeb277794e76
2025-08-23 08:14:09 WARN  [JavaFX Application Thread] c.c.c.controller.OverviewController - Label is null, cannot set text: 8
2025-08-23 08:14:09 WARN  [JavaFX Application Thread] c.c.c.controller.OverviewController - Label is null, cannot set text: 0
2025-08-23 08:14:09 WARN  [JavaFX Application Thread] c.c.c.controller.OverviewController - Label is null, cannot set text: 2
2025-08-23 08:14:09 WARN  [JavaFX Application Thread] c.c.c.controller.OverviewController - Label is null, cannot set text: 0
2025-08-23 08:14:09 WARN  [JavaFX Application Thread] c.c.c.controller.OverviewController - Label is null, cannot set text: 0
2025-08-23 08:14:09 WARN  [JavaFX Application Thread] c.c.c.controller.OverviewController - Label is null, cannot set text: 0
2025-08-23 08:14:09 WARN  [JavaFX Application Thread] c.c.c.controller.OverviewController - Label is null, cannot set text: 0.0%
2025-08-23 08:14:09 WARN  [JavaFX Application Thread] c.c.c.controller.OverviewController - Label is null, cannot set text: 0.0%
2025-08-23 08:14:09 WARN  [JavaFX Application Thread] c.c.c.controller.OverviewController - Label is null, cannot set text: 0.0%
2025-08-23 08:15:07 WARN  [JavaFX Application Thread] c.c.c.controller.OverviewController - Label is null, cannot set text: 8
2025-08-23 08:15:07 WARN  [JavaFX Application Thread] c.c.c.controller.OverviewController - Label is null, cannot set text: 0
2025-08-23 08:15:07 WARN  [JavaFX Application Thread] c.c.c.controller.OverviewController - Label is null, cannot set text: 2
2025-08-23 08:15:07 WARN  [JavaFX Application Thread] c.c.c.controller.OverviewController - Label is null, cannot set text: 0
2025-08-23 08:15:07 WARN  [JavaFX Application Thread] c.c.c.controller.OverviewController - Label is null, cannot set text: 0
2025-08-23 08:15:07 WARN  [JavaFX Application Thread] c.c.c.controller.OverviewController - Label is null, cannot set text: 0
2025-08-23 08:15:07 WARN  [JavaFX Application Thread] c.c.c.controller.OverviewController - Label is null, cannot set text: 0.0%
2025-08-23 08:15:07 WARN  [JavaFX Application Thread] c.c.c.controller.OverviewController - Label is null, cannot set text: 0.0%
2025-08-23 08:15:07 WARN  [JavaFX Application Thread] c.c.c.controller.OverviewController - Label is null, cannot set text: 0.0%
2025-08-23 08:16:07 WARN  [JavaFX Application Thread] c.c.c.controller.OverviewController - Label is null, cannot set text: 8
2025-08-23 08:16:07 WARN  [JavaFX Application Thread] c.c.c.controller.OverviewController - Label is null, cannot set text: 0
2025-08-23 08:16:07 WARN  [JavaFX Application Thread] c.c.c.controller.OverviewController - Label is null, cannot set text: 2
2025-08-23 08:16:07 WARN  [JavaFX Application Thread] c.c.c.controller.OverviewController - Label is null, cannot set text: 0
2025-08-23 08:16:07 WARN  [JavaFX Application Thread] c.c.c.controller.OverviewController - Label is null, cannot set text: 0
2025-08-23 08:16:07 WARN  [JavaFX Application Thread] c.c.c.controller.OverviewController - Label is null, cannot set text: 0
2025-08-23 08:16:07 WARN  [JavaFX Application Thread] c.c.c.controller.OverviewController - Label is null, cannot set text: 0.0%
2025-08-23 08:16:07 WARN  [JavaFX Application Thread] c.c.c.controller.OverviewController - Label is null, cannot set text: 0.0%
2025-08-23 08:16:07 WARN  [JavaFX Application Thread] c.c.c.controller.OverviewController - Label is null, cannot set text: 0.0%
2025-08-23 08:17:12 INFO  [JavaFX Application Thread] com.zaxxer.hikari.HikariDataSource - CMS-Pool - Starting...
2025-08-23 08:17:13 INFO  [JavaFX Application Thread] com.zaxxer.hikari.pool.HikariPool - CMS-Pool - Added connection org.postgresql.jdbc.PgConnection@2f525010
2025-08-23 08:17:13 INFO  [JavaFX Application Thread] com.zaxxer.hikari.HikariDataSource - CMS-Pool - Start completed.
2025-08-23 08:17:13 INFO  [JavaFX Application Thread] c.c.c.utils.SessionManager - Session created for username=mw1 userId=6748e77d-a21d-4fee-94ad-a0532bd88c68 schoolId=9d47203f-4e54-47ac-a560-eeb277794e76 schoolName=main campus role=coordinator
2025-08-23 08:17:13 INFO  [JavaFX Application Thread] c.c.c.controller.LoginController - User 'mw1' logged in successfully (userId=6748e77d-a21d-4fee-94ad-a0532bd88c68, schoolId=9d47203f-4e54-47ac-a560-eeb277794e76, role=coordinator)
2025-08-23 08:17:13 INFO  [JavaFX Application Thread] c.c.c.controller.OverviewController - === OVERVIEW CONTROLLER INITIALIZATION ===
2025-08-23 08:17:13 INFO  [JavaFX Application Thread] c.c.c.controller.OverviewController - ✅ totalClubsLabel injected successfully
2025-08-23 08:17:13 INFO  [JavaFX Application Thread] c.c.c.controller.OverviewController - ✅ totalMembersLabel injected successfully
2025-08-23 08:17:13 INFO  [JavaFX Application Thread] c.c.c.controller.OverviewController - ✅ totalTeachersLabel injected successfully
2025-08-23 08:17:13 INFO  [JavaFX Application Thread] c.c.c.controller.OverviewController - ✅ totalLearnersLabel injected successfully
2025-08-23 08:17:13 INFO  [JavaFX Application Thread] c.c.c.controller.OverviewController - ✅ todayAttendanceLabel injected successfully
2025-08-23 08:17:13 INFO  [JavaFX Application Thread] c.c.c.controller.OverviewController - ✅ attendanceThisWeekLabel injected successfully
2025-08-23 08:17:13 INFO  [JavaFX Application Thread] c.c.c.controller.OverviewController - ✅ attendancePercentageLabel injected successfully
2025-08-23 08:17:13 INFO  [JavaFX Application Thread] c.c.c.controller.OverviewController - ✅ weeklyAttendanceRateLabel injected successfully
2025-08-23 08:17:13 INFO  [JavaFX Application Thread] c.c.c.controller.OverviewController - ✅ participationRateLabel injected successfully
2025-08-23 08:17:13 INFO  [JavaFX Application Thread] c.c.c.controller.OverviewController - ✅ lastUpdatedLabel injected successfully
2025-08-23 08:17:13 INFO  [JavaFX Application Thread] c.c.c.controller.OverviewController - ✅ systemStatusLabel injected successfully
2025-08-23 08:17:13 INFO  [JavaFX Application Thread] c.c.c.controller.OverviewController - ✅ School ID found: 9d47203f-4e54-47ac-a560-eeb277794e76
2025-08-23 08:27:12 INFO  [JavaFX Application Thread] com.zaxxer.hikari.HikariDataSource - CMS-Pool - Starting...
2025-08-23 08:27:12 INFO  [JavaFX Application Thread] com.zaxxer.hikari.pool.HikariPool - CMS-Pool - Added connection org.postgresql.jdbc.PgConnection@7713dfaa
2025-08-23 08:27:12 INFO  [JavaFX Application Thread] com.zaxxer.hikari.HikariDataSource - CMS-Pool - Start completed.
2025-08-23 08:27:13 INFO  [JavaFX Application Thread] c.c.c.utils.SessionManager - Session created for username=mw1 userId=6748e77d-a21d-4fee-94ad-a0532bd88c68 schoolId=9d47203f-4e54-47ac-a560-eeb277794e76 schoolName=main campus role=coordinator
2025-08-23 08:27:13 INFO  [JavaFX Application Thread] c.c.c.controller.LoginController - User 'mw1' logged in successfully (userId=6748e77d-a21d-4fee-94ad-a0532bd88c68, schoolId=9d47203f-4e54-47ac-a560-eeb277794e76, role=coordinator)
2025-08-23 08:27:13 INFO  [JavaFX Application Thread] c.c.c.controller.OverviewController - === OVERVIEW CONTROLLER INITIALIZATION ===
2025-08-23 08:27:13 INFO  [JavaFX Application Thread] c.c.c.controller.OverviewController - ✅ totalClubsLabel injected successfully
2025-08-23 08:27:13 INFO  [JavaFX Application Thread] c.c.c.controller.OverviewController - ✅ totalMembersLabel injected successfully
2025-08-23 08:27:13 INFO  [JavaFX Application Thread] c.c.c.controller.OverviewController - ✅ totalTeachersLabel injected successfully
2025-08-23 08:27:13 INFO  [JavaFX Application Thread] c.c.c.controller.OverviewController - ✅ totalLearnersLabel injected successfully
2025-08-23 08:27:13 INFO  [JavaFX Application Thread] c.c.c.controller.OverviewController - ✅ todayAttendanceLabel injected successfully
2025-08-23 08:27:13 INFO  [JavaFX Application Thread] c.c.c.controller.OverviewController - ✅ attendanceThisWeekLabel injected successfully
2025-08-23 08:27:13 INFO  [JavaFX Application Thread] c.c.c.controller.OverviewController - ✅ attendancePercentageLabel injected successfully
2025-08-23 08:27:13 INFO  [JavaFX Application Thread] c.c.c.controller.OverviewController - ✅ weeklyAttendanceRateLabel injected successfully
2025-08-23 08:27:13 INFO  [JavaFX Application Thread] c.c.c.controller.OverviewController - ✅ participationRateLabel injected successfully
2025-08-23 08:27:13 INFO  [JavaFX Application Thread] c.c.c.controller.OverviewController - ✅ lastUpdatedLabel injected successfully
2025-08-23 08:27:13 INFO  [JavaFX Application Thread] c.c.c.controller.OverviewController - ✅ systemStatusLabel injected successfully
2025-08-23 08:27:13 INFO  [JavaFX Application Thread] c.c.c.controller.OverviewController - ✅ School ID found: 9d47203f-4e54-47ac-a560-eeb277794e76
2025-08-23 08:36:10 INFO  [JavaFX Application Thread] com.zaxxer.hikari.HikariDataSource - CMS-Pool - Starting...
2025-08-23 08:36:26 INFO  [JavaFX Application Thread] com.zaxxer.hikari.pool.HikariPool - CMS-Pool - Added connection org.postgresql.jdbc.PgConnection@63567815
2025-08-23 08:36:26 INFO  [JavaFX Application Thread] com.zaxxer.hikari.HikariDataSource - CMS-Pool - Start completed.
2025-08-23 08:36:28 INFO  [JavaFX Application Thread] c.c.c.utils.SessionManager - Session created for username=mw1 userId=6748e77d-a21d-4fee-94ad-a0532bd88c68 schoolId=9d47203f-4e54-47ac-a560-eeb277794e76 schoolName=main campus role=coordinator
2025-08-23 08:36:28 INFO  [JavaFX Application Thread] c.c.c.controller.LoginController - User 'mw1' logged in successfully (userId=6748e77d-a21d-4fee-94ad-a0532bd88c68, schoolId=9d47203f-4e54-47ac-a560-eeb277794e76, role=coordinator)
2025-08-23 08:36:29 INFO  [JavaFX Application Thread] c.c.c.controller.OverviewController - === OVERVIEW CONTROLLER INITIALIZATION ===
2025-08-23 08:36:29 INFO  [JavaFX Application Thread] c.c.c.controller.OverviewController - ✅ totalClubsLabel injected successfully
2025-08-23 08:36:29 INFO  [JavaFX Application Thread] c.c.c.controller.OverviewController - ✅ totalMembersLabel injected successfully
2025-08-23 08:36:29 INFO  [JavaFX Application Thread] c.c.c.controller.OverviewController - ✅ totalTeachersLabel injected successfully
2025-08-23 08:36:29 INFO  [JavaFX Application Thread] c.c.c.controller.OverviewController - ✅ totalLearnersLabel injected successfully
2025-08-23 08:36:29 INFO  [JavaFX Application Thread] c.c.c.controller.OverviewController - ✅ todayAttendanceLabel injected successfully
2025-08-23 08:36:29 INFO  [JavaFX Application Thread] c.c.c.controller.OverviewController - ✅ attendanceThisWeekLabel injected successfully
2025-08-23 08:36:29 INFO  [JavaFX Application Thread] c.c.c.controller.OverviewController - ✅ attendancePercentageLabel injected successfully
2025-08-23 08:36:29 INFO  [JavaFX Application Thread] c.c.c.controller.OverviewController - ✅ weeklyAttendanceRateLabel injected successfully
2025-08-23 08:36:29 INFO  [JavaFX Application Thread] c.c.c.controller.OverviewController - ✅ participationRateLabel injected successfully
2025-08-23 08:36:29 INFO  [JavaFX Application Thread] c.c.c.controller.OverviewController - ✅ lastUpdatedLabel injected successfully
2025-08-23 08:36:29 INFO  [JavaFX Application Thread] c.c.c.controller.OverviewController - ✅ systemStatusLabel injected successfully
2025-08-23 08:36:29 INFO  [JavaFX Application Thread] c.c.c.controller.OverviewController - ✅ School ID found: 9d47203f-4e54-47ac-a560-eeb277794e76
2025-08-23 08:45:01 INFO  [JavaFX Application Thread] com.zaxxer.hikari.HikariDataSource - CMS-Pool - Starting...
2025-08-23 08:45:01 INFO  [JavaFX Application Thread] com.zaxxer.hikari.pool.HikariPool - CMS-Pool - Added connection org.postgresql.jdbc.PgConnection@4d7096fb
2025-08-23 08:45:01 INFO  [JavaFX Application Thread] com.zaxxer.hikari.HikariDataSource - CMS-Pool - Start completed.
2025-08-23 08:45:02 INFO  [JavaFX Application Thread] c.c.c.utils.SessionManager - Session created for username=mw1 userId=6748e77d-a21d-4fee-94ad-a0532bd88c68 schoolId=9d47203f-4e54-47ac-a560-eeb277794e76 schoolName=main campus role=coordinator
2025-08-23 08:45:02 INFO  [JavaFX Application Thread] c.c.c.controller.LoginController - User 'mw1' logged in successfully (userId=6748e77d-a21d-4fee-94ad-a0532bd88c68, schoolId=9d47203f-4e54-47ac-a560-eeb277794e76, role=coordinator)
2025-08-23 08:45:02 INFO  [JavaFX Application Thread] c.c.c.controller.OverviewController - === OVERVIEW CONTROLLER INITIALIZATION ===
2025-08-23 08:45:02 INFO  [JavaFX Application Thread] c.c.c.controller.OverviewController - ✅ totalClubsLabel injected successfully
2025-08-23 08:45:02 INFO  [JavaFX Application Thread] c.c.c.controller.OverviewController - ✅ totalMembersLabel injected successfully
2025-08-23 08:45:02 INFO  [JavaFX Application Thread] c.c.c.controller.OverviewController - ✅ totalTeachersLabel injected successfully
2025-08-23 08:45:02 INFO  [JavaFX Application Thread] c.c.c.controller.OverviewController - ✅ totalLearnersLabel injected successfully
2025-08-23 08:45:02 INFO  [JavaFX Application Thread] c.c.c.controller.OverviewController - ✅ todayAttendanceLabel injected successfully
2025-08-23 08:45:02 INFO  [JavaFX Application Thread] c.c.c.controller.OverviewController - ✅ attendanceThisWeekLabel injected successfully
2025-08-23 08:45:02 INFO  [JavaFX Application Thread] c.c.c.controller.OverviewController - ✅ attendancePercentageLabel injected successfully
2025-08-23 08:45:02 INFO  [JavaFX Application Thread] c.c.c.controller.OverviewController - ✅ weeklyAttendanceRateLabel injected successfully
2025-08-23 08:45:02 INFO  [JavaFX Application Thread] c.c.c.controller.OverviewController - ✅ participationRateLabel injected successfully
2025-08-23 08:45:02 INFO  [JavaFX Application Thread] c.c.c.controller.OverviewController - ✅ lastUpdatedLabel injected successfully
2025-08-23 08:45:02 INFO  [JavaFX Application Thread] c.c.c.controller.OverviewController - ✅ systemStatusLabel injected successfully
2025-08-23 08:45:02 INFO  [JavaFX Application Thread] c.c.c.controller.OverviewController - ✅ School ID found: 9d47203f-4e54-47ac-a560-eeb277794e76
2025-08-23 08:46:37 INFO  [JavaFX Application Thread] c.c.c.utils.SessionManager - Session created for username=mw1 userId=6748e77d-a21d-4fee-94ad-a0532bd88c68 schoolId=9d47203f-4e54-47ac-a560-eeb277794e76 schoolName=main campus role=coordinator
2025-08-23 08:46:37 INFO  [JavaFX Application Thread] c.c.c.controller.LoginController - User 'mw1' logged in successfully (userId=6748e77d-a21d-4fee-94ad-a0532bd88c68, schoolId=9d47203f-4e54-47ac-a560-eeb277794e76, role=coordinator)
2025-08-23 08:46:37 INFO  [JavaFX Application Thread] c.c.c.controller.OverviewController - === OVERVIEW CONTROLLER INITIALIZATION ===
2025-08-23 08:46:37 INFO  [JavaFX Application Thread] c.c.c.controller.OverviewController - ✅ totalClubsLabel injected successfully
2025-08-23 08:46:37 INFO  [JavaFX Application Thread] c.c.c.controller.OverviewController - ✅ totalMembersLabel injected successfully
2025-08-23 08:46:37 INFO  [JavaFX Application Thread] c.c.c.controller.OverviewController - ✅ totalTeachersLabel injected successfully
2025-08-23 08:46:37 INFO  [JavaFX Application Thread] c.c.c.controller.OverviewController - ✅ totalLearnersLabel injected successfully
2025-08-23 08:46:37 INFO  [JavaFX Application Thread] c.c.c.controller.OverviewController - ✅ todayAttendanceLabel injected successfully
2025-08-23 08:46:37 INFO  [JavaFX Application Thread] c.c.c.controller.OverviewController - ✅ attendanceThisWeekLabel injected successfully
2025-08-23 08:46:37 INFO  [JavaFX Application Thread] c.c.c.controller.OverviewController - ✅ attendancePercentageLabel injected successfully
2025-08-23 08:46:37 INFO  [JavaFX Application Thread] c.c.c.controller.OverviewController - ✅ weeklyAttendanceRateLabel injected successfully
2025-08-23 08:46:37 INFO  [JavaFX Application Thread] c.c.c.controller.OverviewController - ✅ participationRateLabel injected successfully
2025-08-23 08:46:37 INFO  [JavaFX Application Thread] c.c.c.controller.OverviewController - ✅ lastUpdatedLabel injected successfully
2025-08-23 08:46:37 INFO  [JavaFX Application Thread] c.c.c.controller.OverviewController - ✅ systemStatusLabel injected successfully
2025-08-23 08:46:37 INFO  [JavaFX Application Thread] c.c.c.controller.OverviewController - ✅ School ID found: 9d47203f-4e54-47ac-a560-eeb277794e76
2025-08-23 08:54:53 INFO  [JavaFX Application Thread] com.zaxxer.hikari.HikariDataSource - CMS-Pool - Starting...
2025-08-23 08:54:55 INFO  [JavaFX Application Thread] com.zaxxer.hikari.pool.HikariPool - CMS-Pool - Added connection org.postgresql.jdbc.PgConnection@711bc549
2025-08-23 08:54:55 INFO  [JavaFX Application Thread] com.zaxxer.hikari.HikariDataSource - CMS-Pool - Start completed.
2025-08-23 08:54:57 INFO  [JavaFX Application Thread] c.c.c.utils.SessionManager - Session created for username=mw1 userId=6748e77d-a21d-4fee-94ad-a0532bd88c68 schoolId=9d47203f-4e54-47ac-a560-eeb277794e76 schoolName=main campus role=coordinator
2025-08-23 08:54:57 INFO  [JavaFX Application Thread] c.c.c.controller.LoginController - User 'mw1' logged in successfully (userId=6748e77d-a21d-4fee-94ad-a0532bd88c68, schoolId=9d47203f-4e54-47ac-a560-eeb277794e76, role=coordinator)
2025-08-23 08:54:58 INFO  [JavaFX Application Thread] c.c.c.controller.OverviewController - === OVERVIEW CONTROLLER INITIALIZATION ===
2025-08-23 08:54:58 INFO  [JavaFX Application Thread] c.c.c.controller.OverviewController - ✅ totalClubsLabel injected successfully
2025-08-23 08:54:58 INFO  [JavaFX Application Thread] c.c.c.controller.OverviewController - ✅ totalMembersLabel injected successfully
2025-08-23 08:54:58 INFO  [JavaFX Application Thread] c.c.c.controller.OverviewController - ✅ totalTeachersLabel injected successfully
2025-08-23 08:54:58 INFO  [JavaFX Application Thread] c.c.c.controller.OverviewController - ✅ totalLearnersLabel injected successfully
2025-08-23 08:54:58 INFO  [JavaFX Application Thread] c.c.c.controller.OverviewController - ✅ todayAttendanceLabel injected successfully
2025-08-23 08:54:58 INFO  [JavaFX Application Thread] c.c.c.controller.OverviewController - ✅ attendanceThisWeekLabel injected successfully
2025-08-23 08:54:58 INFO  [JavaFX Application Thread] c.c.c.controller.OverviewController - ✅ attendancePercentageLabel injected successfully
2025-08-23 08:54:58 INFO  [JavaFX Application Thread] c.c.c.controller.OverviewController - ✅ weeklyAttendanceRateLabel injected successfully
2025-08-23 08:54:58 INFO  [JavaFX Application Thread] c.c.c.controller.OverviewController - ✅ participationRateLabel injected successfully
2025-08-23 08:54:58 INFO  [JavaFX Application Thread] c.c.c.controller.OverviewController - ✅ lastUpdatedLabel injected successfully
2025-08-23 08:54:58 INFO  [JavaFX Application Thread] c.c.c.controller.OverviewController - ✅ systemStatusLabel injected successfully
2025-08-23 08:54:58 INFO  [JavaFX Application Thread] c.c.c.controller.OverviewController - ✅ School ID found: 9d47203f-4e54-47ac-a560-eeb277794e76
2025-08-23 08:57:31 INFO  [JavaFX Application Thread] c.c.c.c.EnrollmentController - Loaded 8 clubs from database
2025-08-23 08:57:31 INFO  [JavaFX Application Thread] c.c.c.c.EnrollmentController - Loaded 0 learners from database
2025-08-23 08:57:37 INFO  [JavaFX Application Thread] c.c.c.controller.OverviewController - === OVERVIEW CONTROLLER INITIALIZATION ===
2025-08-23 08:57:37 INFO  [JavaFX Application Thread] c.c.c.controller.OverviewController - ✅ totalClubsLabel injected successfully
2025-08-23 08:57:37 INFO  [JavaFX Application Thread] c.c.c.controller.OverviewController - ✅ totalMembersLabel injected successfully
2025-08-23 08:57:37 INFO  [JavaFX Application Thread] c.c.c.controller.OverviewController - ✅ totalTeachersLabel injected successfully
2025-08-23 08:57:37 INFO  [JavaFX Application Thread] c.c.c.controller.OverviewController - ✅ totalLearnersLabel injected successfully
2025-08-23 08:57:37 INFO  [JavaFX Application Thread] c.c.c.controller.OverviewController - ✅ todayAttendanceLabel injected successfully
2025-08-23 08:57:37 INFO  [JavaFX Application Thread] c.c.c.controller.OverviewController - ✅ attendanceThisWeekLabel injected successfully
2025-08-23 08:57:37 INFO  [JavaFX Application Thread] c.c.c.controller.OverviewController - ✅ attendancePercentageLabel injected successfully
2025-08-23 08:57:37 INFO  [JavaFX Application Thread] c.c.c.controller.OverviewController - ✅ weeklyAttendanceRateLabel injected successfully
2025-08-23 08:57:37 INFO  [JavaFX Application Thread] c.c.c.controller.OverviewController - ✅ participationRateLabel injected successfully
2025-08-23 08:57:37 INFO  [JavaFX Application Thread] c.c.c.controller.OverviewController - ✅ lastUpdatedLabel injected successfully
2025-08-23 08:57:37 INFO  [JavaFX Application Thread] c.c.c.controller.OverviewController - ✅ systemStatusLabel injected successfully
2025-08-23 08:57:37 INFO  [JavaFX Application Thread] c.c.c.controller.OverviewController - ✅ School ID found: 9d47203f-4e54-47ac-a560-eeb277794e76
2025-08-23 08:57:53 INFO  [JavaFX Application Thread] c.c.c.controller.OverviewController - === OVERVIEW CONTROLLER INITIALIZATION ===
2025-08-23 08:57:53 INFO  [JavaFX Application Thread] c.c.c.controller.OverviewController - ✅ totalClubsLabel injected successfully
2025-08-23 08:57:53 INFO  [JavaFX Application Thread] c.c.c.controller.OverviewController - ✅ totalMembersLabel injected successfully
2025-08-23 08:57:53 INFO  [JavaFX Application Thread] c.c.c.controller.OverviewController - ✅ totalTeachersLabel injected successfully
2025-08-23 08:57:53 INFO  [JavaFX Application Thread] c.c.c.controller.OverviewController - ✅ totalLearnersLabel injected successfully
2025-08-23 08:57:53 INFO  [JavaFX Application Thread] c.c.c.controller.OverviewController - ✅ todayAttendanceLabel injected successfully
2025-08-23 08:57:53 INFO  [JavaFX Application Thread] c.c.c.controller.OverviewController - ✅ attendanceThisWeekLabel injected successfully
2025-08-23 08:57:53 INFO  [JavaFX Application Thread] c.c.c.controller.OverviewController - ✅ attendancePercentageLabel injected successfully
2025-08-23 08:57:53 INFO  [JavaFX Application Thread] c.c.c.controller.OverviewController - ✅ weeklyAttendanceRateLabel injected successfully
2025-08-23 08:57:53 INFO  [JavaFX Application Thread] c.c.c.controller.OverviewController - ✅ participationRateLabel injected successfully
2025-08-23 08:57:53 INFO  [JavaFX Application Thread] c.c.c.controller.OverviewController - ✅ lastUpdatedLabel injected successfully
2025-08-23 08:57:53 INFO  [JavaFX Application Thread] c.c.c.controller.OverviewController - ✅ systemStatusLabel injected successfully
2025-08-23 08:57:53 INFO  [JavaFX Application Thread] c.c.c.controller.OverviewController - ✅ School ID found: 9d47203f-4e54-47ac-a560-eeb277794e76
2025-08-23 08:58:23 INFO  [JavaFX Application Thread] c.c.c.controller.OverviewController - === OVERVIEW CONTROLLER INITIALIZATION ===
2025-08-23 08:58:23 INFO  [JavaFX Application Thread] c.c.c.controller.OverviewController - ✅ totalClubsLabel injected successfully
2025-08-23 08:58:23 INFO  [JavaFX Application Thread] c.c.c.controller.OverviewController - ✅ totalMembersLabel injected successfully
2025-08-23 08:58:23 INFO  [JavaFX Application Thread] c.c.c.controller.OverviewController - ✅ totalTeachersLabel injected successfully
2025-08-23 08:58:23 INFO  [JavaFX Application Thread] c.c.c.controller.OverviewController - ✅ totalLearnersLabel injected successfully
2025-08-23 08:58:23 INFO  [JavaFX Application Thread] c.c.c.controller.OverviewController - ✅ todayAttendanceLabel injected successfully
2025-08-23 08:58:23 INFO  [JavaFX Application Thread] c.c.c.controller.OverviewController - ✅ attendanceThisWeekLabel injected successfully
2025-08-23 08:58:23 INFO  [JavaFX Application Thread] c.c.c.controller.OverviewController - ✅ attendancePercentageLabel injected successfully
2025-08-23 08:58:23 INFO  [JavaFX Application Thread] c.c.c.controller.OverviewController - ✅ weeklyAttendanceRateLabel injected successfully
2025-08-23 08:58:23 INFO  [JavaFX Application Thread] c.c.c.controller.OverviewController - ✅ participationRateLabel injected successfully
2025-08-23 08:58:23 INFO  [JavaFX Application Thread] c.c.c.controller.OverviewController - ✅ lastUpdatedLabel injected successfully
2025-08-23 08:58:23 INFO  [JavaFX Application Thread] c.c.c.controller.OverviewController - ✅ systemStatusLabel injected successfully
2025-08-23 08:58:23 INFO  [JavaFX Application Thread] c.c.c.controller.OverviewController - ✅ School ID found: 9d47203f-4e54-47ac-a560-eeb277794e76
2025-08-23 09:33:45 INFO  [JavaFX Application Thread] com.zaxxer.hikari.HikariDataSource - CMS-Pool - Starting...
2025-08-23 09:33:52 ERROR [JavaFX Application Thread] c.c.c.controller.LoginController - Database error while attempting login for mw1: Database connection is not available. Please check your database server.
java.sql.SQLException: Database connection is not available. Please check your database server.
	at com.cms.clubmanagementsystem/com.cms.clubmanagementsystem.utils.DatabaseConnector.getConnection(DatabaseConnector.java:62)
	at com.cms.clubmanagementsystem/com.cms.clubmanagementsystem.controller.LoginController.handleLogin(LoginController.java:86)
	at java.base/jdk.internal.reflect.DirectMethodHandleAccessor.invoke(DirectMethodHandleAccessor.java:103)
	at java.base/java.lang.reflect.Method.invoke(Method.java:580)
	at com.sun.javafx.reflect.Trampoline.invoke(MethodUtil.java:72)
	at java.base/jdk.internal.reflect.DirectMethodHandleAccessor.invoke(DirectMethodHandleAccessor.java:103)
	at java.base/java.lang.reflect.Method.invoke(Method.java:580)
	at javafx.base@21.0.7/com.sun.javafx.reflect.MethodUtil.invoke(MethodUtil.java:270)
	at javafx.fxml@21.0.7/com.sun.javafx.fxml.MethodHelper.invoke(MethodHelper.java:84)
	at javafx.fxml@21.0.7/javafx.fxml.FXMLLoader$MethodHandler.invoke(FXMLLoader.java:1853)
	at javafx.fxml@21.0.7/javafx.fxml.FXMLLoader$ControllerMethodEventHandler.handle(FXMLLoader.java:1726)
	at javafx.base@21.0.7/com.sun.javafx.event.CompositeEventHandler.dispatchBubblingEvent(CompositeEventHandler.java:86)
	at javafx.base@21.0.7/com.sun.javafx.event.EventHandlerManager.dispatchBubblingEvent(EventHandlerManager.java:232)
	at javafx.base@21.0.7/com.sun.javafx.event.EventHandlerManager.dispatchBubblingEvent(EventHandlerManager.java:189)
	at javafx.base@21.0.7/com.sun.javafx.event.CompositeEventDispatcher.dispatchBubblingEvent(CompositeEventDispatcher.java:59)
	at javafx.base@21.0.7/com.sun.javafx.event.BasicEventDispatcher.dispatchEvent(BasicEventDispatcher.java:58)
	at javafx.base@21.0.7/com.sun.javafx.event.EventDispatchChainImpl.dispatchEvent(EventDispatchChainImpl.java:114)
	at javafx.base@21.0.7/com.sun.javafx.event.BasicEventDispatcher.dispatchEvent(BasicEventDispatcher.java:56)
	at javafx.base@21.0.7/com.sun.javafx.event.EventDispatchChainImpl.dispatchEvent(EventDispatchChainImpl.java:114)
	at javafx.base@21.0.7/com.sun.javafx.event.BasicEventDispatcher.dispatchEvent(BasicEventDispatcher.java:56)
	at javafx.base@21.0.7/com.sun.javafx.event.EventDispatchChainImpl.dispatchEvent(EventDispatchChainImpl.java:114)
	at javafx.base@21.0.7/com.sun.javafx.event.EventUtil.fireEventImpl(EventUtil.java:74)
	at javafx.base@21.0.7/com.sun.javafx.event.EventUtil.fireEvent(EventUtil.java:49)
	at javafx.base@21.0.7/javafx.event.Event.fireEvent(Event.java:198)
	at javafx.graphics@21.0.7/javafx.scene.Node.fireEvent(Node.java:8875)
	at javafx.controls@21.0.7/javafx.scene.control.Button.fire(Button.java:203)
	at javafx.controls@21.0.7/com.sun.javafx.scene.control.behavior.ButtonBehavior.mouseReleased(ButtonBehavior.java:207)
	at javafx.controls@21.0.7/com.sun.javafx.scene.control.inputmap.InputMap.handle(InputMap.java:274)
	at javafx.base@21.0.7/com.sun.javafx.event.CompositeEventHandler$NormalEventHandlerRecord.handleBubblingEvent(CompositeEventHandler.java:247)
	at javafx.base@21.0.7/com.sun.javafx.event.CompositeEventHandler.dispatchBubblingEvent(CompositeEventHandler.java:80)
	at javafx.base@21.0.7/com.sun.javafx.event.EventHandlerManager.dispatchBubblingEvent(EventHandlerManager.java:232)
	at javafx.base@21.0.7/com.sun.javafx.event.EventHandlerManager.dispatchBubblingEvent(EventHandlerManager.java:189)
	at javafx.base@21.0.7/com.sun.javafx.event.CompositeEventDispatcher.dispatchBubblingEvent(CompositeEventDispatcher.java:59)
	at javafx.base@21.0.7/com.sun.javafx.event.BasicEventDispatcher.dispatchEvent(BasicEventDispatcher.java:58)
	at javafx.base@21.0.7/com.sun.javafx.event.EventDispatchChainImpl.dispatchEvent(EventDispatchChainImpl.java:114)
	at javafx.base@21.0.7/com.sun.javafx.event.BasicEventDispatcher.dispatchEvent(BasicEventDispatcher.java:56)
	at javafx.base@21.0.7/com.sun.javafx.event.EventDispatchChainImpl.dispatchEvent(EventDispatchChainImpl.java:114)
	at javafx.base@21.0.7/com.sun.javafx.event.BasicEventDispatcher.dispatchEvent(BasicEventDispatcher.java:56)
	at javafx.base@21.0.7/com.sun.javafx.event.EventDispatchChainImpl.dispatchEvent(EventDispatchChainImpl.java:114)
	at javafx.base@21.0.7/com.sun.javafx.event.EventUtil.fireEventImpl(EventUtil.java:74)
	at javafx.base@21.0.7/com.sun.javafx.event.EventUtil.fireEvent(EventUtil.java:54)
	at javafx.base@21.0.7/javafx.event.Event.fireEvent(Event.java:198)
	at javafx.graphics@21.0.7/javafx.scene.Scene$MouseHandler.process(Scene.java:3984)
	at javafx.graphics@21.0.7/javafx.scene.Scene.processMouseEvent(Scene.java:1890)
	at javafx.graphics@21.0.7/javafx.scene.Scene$ScenePeerListener.mouseEvent(Scene.java:2708)
	at javafx.graphics@21.0.7/com.sun.javafx.tk.quantum.GlassViewEventHandler$MouseEventNotification.run(GlassViewEventHandler.java:411)
	at javafx.graphics@21.0.7/com.sun.javafx.tk.quantum.GlassViewEventHandler$MouseEventNotification.run(GlassViewEventHandler.java:301)
	at java.base/java.security.AccessController.doPrivileged(AccessController.java:400)
	at javafx.graphics@21.0.7/com.sun.javafx.tk.quantum.GlassViewEventHandler.lambda$handleMouseEvent$2(GlassViewEventHandler.java:450)
	at javafx.graphics@21.0.7/com.sun.javafx.tk.quantum.QuantumToolkit.runWithoutRenderLock(QuantumToolkit.java:424)
	at javafx.graphics@21.0.7/com.sun.javafx.tk.quantum.GlassViewEventHandler.handleMouseEvent(GlassViewEventHandler.java:449)
	at javafx.graphics@21.0.7/com.sun.glass.ui.View.handleMouseEvent(View.java:551)
	at javafx.graphics@21.0.7/com.sun.glass.ui.View.notifyMouse(View.java:937)
	at javafx.graphics@21.0.7/com.sun.glass.ui.win.WinApplication._runLoop(Native Method)
	at javafx.graphics@21.0.7/com.sun.glass.ui.win.WinApplication.lambda$runLoop$3(WinApplication.java:185)
	at java.base/java.lang.Thread.run(Thread.java:1583)
2025-08-23 09:34:03 INFO  [JavaFX Application Thread] com.zaxxer.hikari.HikariDataSource - CMS-Pool - Starting...
2025-08-23 09:34:09 ERROR [JavaFX Application Thread] c.c.c.controller.LoginController - Database error while attempting login for mw1: Database connection is not available. Please check your database server.
java.sql.SQLException: Database connection is not available. Please check your database server.
	at com.cms.clubmanagementsystem/com.cms.clubmanagementsystem.utils.DatabaseConnector.getConnection(DatabaseConnector.java:62)
	at com.cms.clubmanagementsystem/com.cms.clubmanagementsystem.controller.LoginController.handleLogin(LoginController.java:86)
	at java.base/jdk.internal.reflect.DirectMethodHandleAccessor.invoke(DirectMethodHandleAccessor.java:103)
	at java.base/java.lang.reflect.Method.invoke(Method.java:580)
	at com.sun.javafx.reflect.Trampoline.invoke(MethodUtil.java:72)
	at java.base/jdk.internal.reflect.DirectMethodHandleAccessor.invoke(DirectMethodHandleAccessor.java:103)
	at java.base/java.lang.reflect.Method.invoke(Method.java:580)
	at javafx.base@21.0.7/com.sun.javafx.reflect.MethodUtil.invoke(MethodUtil.java:270)
	at javafx.fxml@21.0.7/com.sun.javafx.fxml.MethodHelper.invoke(MethodHelper.java:84)
	at javafx.fxml@21.0.7/javafx.fxml.FXMLLoader$MethodHandler.invoke(FXMLLoader.java:1853)
	at javafx.fxml@21.0.7/javafx.fxml.FXMLLoader$ControllerMethodEventHandler.handle(FXMLLoader.java:1726)
	at javafx.base@21.0.7/com.sun.javafx.event.CompositeEventHandler.dispatchBubblingEvent(CompositeEventHandler.java:86)
	at javafx.base@21.0.7/com.sun.javafx.event.EventHandlerManager.dispatchBubblingEvent(EventHandlerManager.java:232)
	at javafx.base@21.0.7/com.sun.javafx.event.EventHandlerManager.dispatchBubblingEvent(EventHandlerManager.java:189)
	at javafx.base@21.0.7/com.sun.javafx.event.CompositeEventDispatcher.dispatchBubblingEvent(CompositeEventDispatcher.java:59)
	at javafx.base@21.0.7/com.sun.javafx.event.BasicEventDispatcher.dispatchEvent(BasicEventDispatcher.java:58)
	at javafx.base@21.0.7/com.sun.javafx.event.EventDispatchChainImpl.dispatchEvent(EventDispatchChainImpl.java:114)
	at javafx.base@21.0.7/com.sun.javafx.event.BasicEventDispatcher.dispatchEvent(BasicEventDispatcher.java:56)
	at javafx.base@21.0.7/com.sun.javafx.event.EventDispatchChainImpl.dispatchEvent(EventDispatchChainImpl.java:114)
	at javafx.base@21.0.7/com.sun.javafx.event.BasicEventDispatcher.dispatchEvent(BasicEventDispatcher.java:56)
	at javafx.base@21.0.7/com.sun.javafx.event.EventDispatchChainImpl.dispatchEvent(EventDispatchChainImpl.java:114)
	at javafx.base@21.0.7/com.sun.javafx.event.EventUtil.fireEventImpl(EventUtil.java:74)
	at javafx.base@21.0.7/com.sun.javafx.event.EventUtil.fireEvent(EventUtil.java:49)
	at javafx.base@21.0.7/javafx.event.Event.fireEvent(Event.java:198)
	at javafx.graphics@21.0.7/javafx.scene.Node.fireEvent(Node.java:8875)
	at javafx.controls@21.0.7/javafx.scene.control.Button.fire(Button.java:203)
	at javafx.controls@21.0.7/com.sun.javafx.scene.control.behavior.ButtonBehavior.mouseReleased(ButtonBehavior.java:207)
	at javafx.controls@21.0.7/com.sun.javafx.scene.control.inputmap.InputMap.handle(InputMap.java:274)
	at javafx.base@21.0.7/com.sun.javafx.event.CompositeEventHandler$NormalEventHandlerRecord.handleBubblingEvent(CompositeEventHandler.java:247)
	at javafx.base@21.0.7/com.sun.javafx.event.CompositeEventHandler.dispatchBubblingEvent(CompositeEventHandler.java:80)
	at javafx.base@21.0.7/com.sun.javafx.event.EventHandlerManager.dispatchBubblingEvent(EventHandlerManager.java:232)
	at javafx.base@21.0.7/com.sun.javafx.event.EventHandlerManager.dispatchBubblingEvent(EventHandlerManager.java:189)
	at javafx.base@21.0.7/com.sun.javafx.event.CompositeEventDispatcher.dispatchBubblingEvent(CompositeEventDispatcher.java:59)
	at javafx.base@21.0.7/com.sun.javafx.event.BasicEventDispatcher.dispatchEvent(BasicEventDispatcher.java:58)
	at javafx.base@21.0.7/com.sun.javafx.event.EventDispatchChainImpl.dispatchEvent(EventDispatchChainImpl.java:114)
	at javafx.base@21.0.7/com.sun.javafx.event.BasicEventDispatcher.dispatchEvent(BasicEventDispatcher.java:56)
	at javafx.base@21.0.7/com.sun.javafx.event.EventDispatchChainImpl.dispatchEvent(EventDispatchChainImpl.java:114)
	at javafx.base@21.0.7/com.sun.javafx.event.BasicEventDispatcher.dispatchEvent(BasicEventDispatcher.java:56)
	at javafx.base@21.0.7/com.sun.javafx.event.EventDispatchChainImpl.dispatchEvent(EventDispatchChainImpl.java:114)
	at javafx.base@21.0.7/com.sun.javafx.event.EventUtil.fireEventImpl(EventUtil.java:74)
	at javafx.base@21.0.7/com.sun.javafx.event.EventUtil.fireEvent(EventUtil.java:54)
	at javafx.base@21.0.7/javafx.event.Event.fireEvent(Event.java:198)
	at javafx.graphics@21.0.7/javafx.scene.Scene$MouseHandler.process(Scene.java:3984)
	at javafx.graphics@21.0.7/javafx.scene.Scene.processMouseEvent(Scene.java:1890)
	at javafx.graphics@21.0.7/javafx.scene.Scene$ScenePeerListener.mouseEvent(Scene.java:2708)
	at javafx.graphics@21.0.7/com.sun.javafx.tk.quantum.GlassViewEventHandler$MouseEventNotification.run(GlassViewEventHandler.java:411)
	at javafx.graphics@21.0.7/com.sun.javafx.tk.quantum.GlassViewEventHandler$MouseEventNotification.run(GlassViewEventHandler.java:301)
	at java.base/java.security.AccessController.doPrivileged(AccessController.java:400)
	at javafx.graphics@21.0.7/com.sun.javafx.tk.quantum.GlassViewEventHandler.lambda$handleMouseEvent$2(GlassViewEventHandler.java:450)
	at javafx.graphics@21.0.7/com.sun.javafx.tk.quantum.QuantumToolkit.runWithoutRenderLock(QuantumToolkit.java:424)
	at javafx.graphics@21.0.7/com.sun.javafx.tk.quantum.GlassViewEventHandler.handleMouseEvent(GlassViewEventHandler.java:449)
	at javafx.graphics@21.0.7/com.sun.glass.ui.View.handleMouseEvent(View.java:551)
	at javafx.graphics@21.0.7/com.sun.glass.ui.View.notifyMouse(View.java:937)
	at javafx.graphics@21.0.7/com.sun.glass.ui.win.WinApplication._runLoop(Native Method)
	at javafx.graphics@21.0.7/com.sun.glass.ui.win.WinApplication.lambda$runLoop$3(WinApplication.java:185)
	at java.base/java.lang.Thread.run(Thread.java:1583)
2025-08-23 09:34:26 INFO  [JavaFX Application Thread] com.zaxxer.hikari.HikariDataSource - CMS-Pool - Starting...
2025-08-23 09:34:33 INFO  [JavaFX Application Thread] com.zaxxer.hikari.pool.HikariPool - CMS-Pool - Added connection org.postgresql.jdbc.PgConnection@72953b92
2025-08-23 09:34:33 INFO  [JavaFX Application Thread] com.zaxxer.hikari.HikariDataSource - CMS-Pool - Start completed.
2025-08-23 09:34:36 INFO  [JavaFX Application Thread] c.c.c.utils.SessionManager - Session created for username=mw1 userId=6748e77d-a21d-4fee-94ad-a0532bd88c68 schoolId=9d47203f-4e54-47ac-a560-eeb277794e76 schoolName=main campus role=coordinator
2025-08-23 09:34:36 INFO  [JavaFX Application Thread] c.c.c.controller.LoginController - User 'mw1' logged in successfully (userId=6748e77d-a21d-4fee-94ad-a0532bd88c68, schoolId=9d47203f-4e54-47ac-a560-eeb277794e76, role=coordinator)
2025-08-23 09:34:36 INFO  [JavaFX Application Thread] c.c.c.controller.OverviewController - === OVERVIEW CONTROLLER INITIALIZATION ===
2025-08-23 09:34:36 INFO  [JavaFX Application Thread] c.c.c.controller.OverviewController - ✅ totalClubsLabel injected successfully
2025-08-23 09:34:36 INFO  [JavaFX Application Thread] c.c.c.controller.OverviewController - ✅ totalMembersLabel injected successfully
2025-08-23 09:34:36 INFO  [JavaFX Application Thread] c.c.c.controller.OverviewController - ✅ totalTeachersLabel injected successfully
2025-08-23 09:34:36 INFO  [JavaFX Application Thread] c.c.c.controller.OverviewController - ✅ totalLearnersLabel injected successfully
2025-08-23 09:34:36 INFO  [JavaFX Application Thread] c.c.c.controller.OverviewController - ✅ todayAttendanceLabel injected successfully
2025-08-23 09:34:36 INFO  [JavaFX Application Thread] c.c.c.controller.OverviewController - ✅ attendanceThisWeekLabel injected successfully
2025-08-23 09:34:36 INFO  [JavaFX Application Thread] c.c.c.controller.OverviewController - ✅ attendancePercentageLabel injected successfully
2025-08-23 09:34:36 INFO  [JavaFX Application Thread] c.c.c.controller.OverviewController - ✅ weeklyAttendanceRateLabel injected successfully
2025-08-23 09:34:36 INFO  [JavaFX Application Thread] c.c.c.controller.OverviewController - ✅ participationRateLabel injected successfully
2025-08-23 09:34:36 INFO  [JavaFX Application Thread] c.c.c.controller.OverviewController - ✅ lastUpdatedLabel injected successfully
2025-08-23 09:34:36 INFO  [JavaFX Application Thread] c.c.c.controller.OverviewController - ✅ systemStatusLabel injected successfully
2025-08-23 09:34:36 INFO  [JavaFX Application Thread] c.c.c.controller.OverviewController - ✅ School ID found: 9d47203f-4e54-47ac-a560-eeb277794e76
2025-08-23 09:38:12 INFO  [JavaFX Application Thread] com.zaxxer.hikari.HikariDataSource - CMS-Pool - Starting...
2025-08-23 09:38:15 INFO  [JavaFX Application Thread] com.zaxxer.hikari.pool.HikariPool - CMS-Pool - Added connection org.postgresql.jdbc.PgConnection@1505640a
2025-08-23 09:38:15 INFO  [JavaFX Application Thread] com.zaxxer.hikari.HikariDataSource - CMS-Pool - Start completed.
2025-08-23 09:38:19 INFO  [JavaFX Application Thread] c.c.c.utils.SessionManager - Session created for username=mw1 userId=6748e77d-a21d-4fee-94ad-a0532bd88c68 schoolId=9d47203f-4e54-47ac-a560-eeb277794e76 schoolName=main campus role=coordinator
2025-08-23 09:38:19 INFO  [JavaFX Application Thread] c.c.c.controller.LoginController - User 'mw1' logged in successfully (userId=6748e77d-a21d-4fee-94ad-a0532bd88c68, schoolId=9d47203f-4e54-47ac-a560-eeb277794e76, role=coordinator)
2025-08-23 09:38:19 INFO  [JavaFX Application Thread] c.c.c.controller.OverviewController - === OVERVIEW CONTROLLER INITIALIZATION ===
2025-08-23 09:38:19 INFO  [JavaFX Application Thread] c.c.c.controller.OverviewController - ✅ totalClubsLabel injected successfully
2025-08-23 09:38:19 INFO  [JavaFX Application Thread] c.c.c.controller.OverviewController - ✅ totalMembersLabel injected successfully
2025-08-23 09:38:19 INFO  [JavaFX Application Thread] c.c.c.controller.OverviewController - ✅ totalTeachersLabel injected successfully
2025-08-23 09:38:19 INFO  [JavaFX Application Thread] c.c.c.controller.OverviewController - ✅ totalLearnersLabel injected successfully
2025-08-23 09:38:19 INFO  [JavaFX Application Thread] c.c.c.controller.OverviewController - ✅ todayAttendanceLabel injected successfully
2025-08-23 09:38:19 INFO  [JavaFX Application Thread] c.c.c.controller.OverviewController - ✅ attendanceThisWeekLabel injected successfully
2025-08-23 09:38:19 INFO  [JavaFX Application Thread] c.c.c.controller.OverviewController - ✅ attendancePercentageLabel injected successfully
2025-08-23 09:38:19 INFO  [JavaFX Application Thread] c.c.c.controller.OverviewController - ✅ weeklyAttendanceRateLabel injected successfully
2025-08-23 09:38:19 INFO  [JavaFX Application Thread] c.c.c.controller.OverviewController - ✅ participationRateLabel injected successfully
2025-08-23 09:38:19 INFO  [JavaFX Application Thread] c.c.c.controller.OverviewController - ✅ lastUpdatedLabel injected successfully
2025-08-23 09:38:19 INFO  [JavaFX Application Thread] c.c.c.controller.OverviewController - ✅ systemStatusLabel injected successfully
2025-08-23 09:38:19 INFO  [JavaFX Application Thread] c.c.c.controller.OverviewController - ✅ School ID found: 9d47203f-4e54-47ac-a560-eeb277794e76
2025-08-23 09:50:37 INFO  [JavaFX Application Thread] com.zaxxer.hikari.HikariDataSource - CMS-Pool - Starting...
2025-08-23 09:50:45 INFO  [JavaFX Application Thread] com.zaxxer.hikari.pool.HikariPool - CMS-Pool - Added connection org.postgresql.jdbc.PgConnection@215f425
2025-08-23 09:50:45 INFO  [JavaFX Application Thread] com.zaxxer.hikari.HikariDataSource - CMS-Pool - Start completed.
2025-08-23 09:50:47 INFO  [JavaFX Application Thread] c.c.c.utils.SessionManager - Session created for username=mw1 userId=6748e77d-a21d-4fee-94ad-a0532bd88c68 schoolId=9d47203f-4e54-47ac-a560-eeb277794e76 schoolName=main campus role=coordinator
2025-08-23 09:50:47 INFO  [JavaFX Application Thread] c.c.c.controller.LoginController - User 'mw1' logged in successfully (userId=6748e77d-a21d-4fee-94ad-a0532bd88c68, schoolId=9d47203f-4e54-47ac-a560-eeb277794e76, role=coordinator)
2025-08-23 09:50:48 INFO  [JavaFX Application Thread] c.c.c.controller.OverviewController - === OVERVIEW CONTROLLER INITIALIZATION ===
2025-08-23 09:50:48 INFO  [JavaFX Application Thread] c.c.c.controller.OverviewController - ✅ totalClubsLabel injected successfully
2025-08-23 09:50:48 INFO  [JavaFX Application Thread] c.c.c.controller.OverviewController - ✅ totalMembersLabel injected successfully
2025-08-23 09:50:48 INFO  [JavaFX Application Thread] c.c.c.controller.OverviewController - ✅ totalTeachersLabel injected successfully
2025-08-23 09:50:48 INFO  [JavaFX Application Thread] c.c.c.controller.OverviewController - ✅ totalLearnersLabel injected successfully
2025-08-23 09:50:48 INFO  [JavaFX Application Thread] c.c.c.controller.OverviewController - ✅ todayAttendanceLabel injected successfully
2025-08-23 09:50:48 INFO  [JavaFX Application Thread] c.c.c.controller.OverviewController - ✅ attendanceThisWeekLabel injected successfully
2025-08-23 09:50:48 INFO  [JavaFX Application Thread] c.c.c.controller.OverviewController - ✅ attendancePercentageLabel injected successfully
2025-08-23 09:50:48 INFO  [JavaFX Application Thread] c.c.c.controller.OverviewController - ✅ weeklyAttendanceRateLabel injected successfully
2025-08-23 09:50:48 INFO  [JavaFX Application Thread] c.c.c.controller.OverviewController - ✅ participationRateLabel injected successfully
2025-08-23 09:50:48 INFO  [JavaFX Application Thread] c.c.c.controller.OverviewController - ✅ lastUpdatedLabel injected successfully
2025-08-23 09:50:48 INFO  [JavaFX Application Thread] c.c.c.controller.OverviewController - ✅ systemStatusLabel injected successfully
2025-08-23 09:50:48 INFO  [JavaFX Application Thread] c.c.c.controller.OverviewController - ✅ School ID found: 9d47203f-4e54-47ac-a560-eeb277794e76
2025-08-23 10:09:07 INFO  [JavaFX Application Thread] com.zaxxer.hikari.HikariDataSource - CMS-Pool - Starting...
2025-08-23 10:09:09 INFO  [JavaFX Application Thread] com.zaxxer.hikari.pool.HikariPool - CMS-Pool - Added connection org.postgresql.jdbc.PgConnection@2c2499bf
2025-08-23 10:09:09 INFO  [JavaFX Application Thread] com.zaxxer.hikari.HikariDataSource - CMS-Pool - Start completed.
2025-08-23 10:09:10 INFO  [JavaFX Application Thread] c.c.c.utils.SessionManager - Session created for username=mw1 userId=6748e77d-a21d-4fee-94ad-a0532bd88c68 schoolId=9d47203f-4e54-47ac-a560-eeb277794e76 schoolName=main campus role=coordinator
2025-08-23 10:09:10 INFO  [JavaFX Application Thread] c.c.c.controller.LoginController - User 'mw1' logged in successfully (userId=6748e77d-a21d-4fee-94ad-a0532bd88c68, schoolId=9d47203f-4e54-47ac-a560-eeb277794e76, role=coordinator)
2025-08-23 10:09:10 INFO  [JavaFX Application Thread] c.c.c.controller.OverviewController - === OVERVIEW CONTROLLER INITIALIZATION ===
2025-08-23 10:09:10 INFO  [JavaFX Application Thread] c.c.c.controller.OverviewController - ✅ totalClubsLabel injected successfully
2025-08-23 10:09:10 INFO  [JavaFX Application Thread] c.c.c.controller.OverviewController - ✅ totalMembersLabel injected successfully
2025-08-23 10:09:10 INFO  [JavaFX Application Thread] c.c.c.controller.OverviewController - ✅ totalTeachersLabel injected successfully
2025-08-23 10:09:10 INFO  [JavaFX Application Thread] c.c.c.controller.OverviewController - ✅ totalLearnersLabel injected successfully
2025-08-23 10:09:10 INFO  [JavaFX Application Thread] c.c.c.controller.OverviewController - ✅ todayAttendanceLabel injected successfully
2025-08-23 10:09:10 INFO  [JavaFX Application Thread] c.c.c.controller.OverviewController - ✅ attendanceThisWeekLabel injected successfully
2025-08-23 10:09:10 INFO  [JavaFX Application Thread] c.c.c.controller.OverviewController - ✅ attendancePercentageLabel injected successfully
2025-08-23 10:09:10 INFO  [JavaFX Application Thread] c.c.c.controller.OverviewController - ✅ weeklyAttendanceRateLabel injected successfully
2025-08-23 10:09:10 INFO  [JavaFX Application Thread] c.c.c.controller.OverviewController - ✅ participationRateLabel injected successfully
2025-08-23 10:09:10 INFO  [JavaFX Application Thread] c.c.c.controller.OverviewController - ✅ lastUpdatedLabel injected successfully
2025-08-23 10:09:10 INFO  [JavaFX Application Thread] c.c.c.controller.OverviewController - ✅ systemStatusLabel injected successfully
2025-08-23 10:09:10 INFO  [JavaFX Application Thread] c.c.c.controller.OverviewController - ✅ School ID found: 9d47203f-4e54-47ac-a560-eeb277794e76
