2025-08-15 05:30:11 ERROR [JavaFX Application Thread] c.c.c.controller.LoginController - Error loading /fxml/forgot-password.fxml: Error resolving onAction='#handleBackToLogin', either the event handler is not in the Namespace or there is an error in the script.
/C:/Users/user/Desktop/ClubMS/Club-Management-System/target/classes/fxml/forgot-password.fxml:48

javafx.fxml.LoadException: Error resolving onAction='#handleBackToLogin', either the event handler is not in the Namespace or there is an error in the script.
/C:/Users/user/Desktop/ClubMS/Club-Management-System/target/classes/fxml/forgot-password.fxml:48

	at javafx.fxml@21.0.7/javafx.fxml.FXMLLoader.constructLoadException(FXMLLoader.java:2718)
	at javafx.fxml@21.0.7/javafx.fxml.FXMLLoader$Element.processEventHandlerAttributes(FXMLLoader.java:623)
	at javafx.fxml@21.0.7/javafx.fxml.FXMLLoader$ValueElement.processEndElement(FXMLLoader.java:783)
	at javafx.fxml@21.0.7/javafx.fxml.FXMLLoader.processEndElement(FXMLLoader.java:2969)
	at javafx.fxml@21.0.7/javafx.fxml.FXMLLoader.loadImpl(FXMLLoader.java:2654)
	at javafx.fxml@21.0.7/javafx.fxml.FXMLLoader.loadImpl(FXMLLoader.java:2563)
	at javafx.fxml@21.0.7/javafx.fxml.FXMLLoader.loadImpl(FXMLLoader.java:3376)
	at javafx.fxml@21.0.7/javafx.fxml.FXMLLoader.loadImpl(FXMLLoader.java:3332)
	at javafx.fxml@21.0.7/javafx.fxml.FXMLLoader.loadImpl(FXMLLoader.java:3300)
	at javafx.fxml@21.0.7/javafx.fxml.FXMLLoader.loadImpl(FXMLLoader.java:3272)
	at javafx.fxml@21.0.7/javafx.fxml.FXMLLoader.loadImpl(FXMLLoader.java:3248)
	at javafx.fxml@21.0.7/javafx.fxml.FXMLLoader.load(FXMLLoader.java:3241)
	at com.cms.clubmanagementsystem/com.cms.clubmanagementsystem.controller.LoginController.switchScene(LoginController.java:216)
	at com.cms.clubmanagementsystem/com.cms.clubmanagementsystem.controller.LoginController.handleForgotPassword(LoginController.java:207)
	at java.base/jdk.internal.reflect.DirectMethodHandleAccessor.invoke(DirectMethodHandleAccessor.java:103)
	at java.base/java.lang.reflect.Method.invoke(Method.java:580)
	at com.sun.javafx.reflect.Trampoline.invoke(MethodUtil.java:72)
	at java.base/jdk.internal.reflect.DirectMethodHandleAccessor.invoke(DirectMethodHandleAccessor.java:103)
	at java.base/java.lang.reflect.Method.invoke(Method.java:580)
	at javafx.base@21.0.7/com.sun.javafx.reflect.MethodUtil.invoke(MethodUtil.java:270)
	at javafx.fxml@21.0.7/com.sun.javafx.fxml.MethodHelper.invoke(MethodHelper.java:84)
	at javafx.fxml@21.0.7/javafx.fxml.FXMLLoader$MethodHandler.invoke(FXMLLoader.java:1853)
	at javafx.fxml@21.0.7/javafx.fxml.FXMLLoader$ControllerMethodEventHandler.handle(FXMLLoader.java:1726)
	at javafx.base@21.0.7/com.sun.javafx.event.CompositeEventHandler.dispatchBubblingEvent(CompositeEventHandler.java:86)
	at javafx.base@21.0.7/com.sun.javafx.event.EventHandlerManager.dispatchBubblingEvent(EventHandlerManager.java:232)
	at javafx.base@21.0.7/com.sun.javafx.event.EventHandlerManager.dispatchBubblingEvent(EventHandlerManager.java:189)
	at javafx.base@21.0.7/com.sun.javafx.event.CompositeEventDispatcher.dispatchBubblingEvent(CompositeEventDispatcher.java:59)
	at javafx.base@21.0.7/com.sun.javafx.event.BasicEventDispatcher.dispatchEvent(BasicEventDispatcher.java:58)
	at javafx.base@21.0.7/com.sun.javafx.event.EventDispatchChainImpl.dispatchEvent(EventDispatchChainImpl.java:114)
	at javafx.base@21.0.7/com.sun.javafx.event.BasicEventDispatcher.dispatchEvent(BasicEventDispatcher.java:56)
	at javafx.base@21.0.7/com.sun.javafx.event.EventDispatchChainImpl.dispatchEvent(EventDispatchChainImpl.java:114)
	at javafx.base@21.0.7/com.sun.javafx.event.BasicEventDispatcher.dispatchEvent(BasicEventDispatcher.java:56)
	at javafx.base@21.0.7/com.sun.javafx.event.EventDispatchChainImpl.dispatchEvent(EventDispatchChainImpl.java:114)
	at javafx.base@21.0.7/com.sun.javafx.event.EventUtil.fireEventImpl(EventUtil.java:74)
	at javafx.base@21.0.7/com.sun.javafx.event.EventUtil.fireEvent(EventUtil.java:49)
	at javafx.base@21.0.7/javafx.event.Event.fireEvent(Event.java:198)
	at javafx.graphics@21.0.7/javafx.scene.Node.fireEvent(Node.java:8875)
	at javafx.controls@21.0.7/javafx.scene.control.Hyperlink.fire(Hyperlink.java:156)
	at javafx.controls@21.0.7/com.sun.javafx.scene.control.behavior.ButtonBehavior.mouseReleased(ButtonBehavior.java:207)
	at javafx.controls@21.0.7/com.sun.javafx.scene.control.inputmap.InputMap.handle(InputMap.java:274)
	at javafx.base@21.0.7/com.sun.javafx.event.CompositeEventHandler$NormalEventHandlerRecord.handleBubblingEvent(CompositeEventHandler.java:247)
	at javafx.base@21.0.7/com.sun.javafx.event.CompositeEventHandler.dispatchBubblingEvent(CompositeEventHandler.java:80)
	at javafx.base@21.0.7/com.sun.javafx.event.EventHandlerManager.dispatchBubblingEvent(EventHandlerManager.java:232)
	at javafx.base@21.0.7/com.sun.javafx.event.EventHandlerManager.dispatchBubblingEvent(EventHandlerManager.java:189)
	at javafx.base@21.0.7/com.sun.javafx.event.CompositeEventDispatcher.dispatchBubblingEvent(CompositeEventDispatcher.java:59)
	at javafx.base@21.0.7/com.sun.javafx.event.BasicEventDispatcher.dispatchEvent(BasicEventDispatcher.java:58)
	at javafx.base@21.0.7/com.sun.javafx.event.EventDispatchChainImpl.dispatchEvent(EventDispatchChainImpl.java:114)
	at javafx.base@21.0.7/com.sun.javafx.event.BasicEventDispatcher.dispatchEvent(BasicEventDispatcher.java:56)
	at javafx.base@21.0.7/com.sun.javafx.event.EventDispatchChainImpl.dispatchEvent(EventDispatchChainImpl.java:114)
	at javafx.base@21.0.7/com.sun.javafx.event.BasicEventDispatcher.dispatchEvent(BasicEventDispatcher.java:56)
	at javafx.base@21.0.7/com.sun.javafx.event.EventDispatchChainImpl.dispatchEvent(EventDispatchChainImpl.java:114)
	at javafx.base@21.0.7/com.sun.javafx.event.EventUtil.fireEventImpl(EventUtil.java:74)
	at javafx.base@21.0.7/com.sun.javafx.event.EventUtil.fireEvent(EventUtil.java:54)
	at javafx.base@21.0.7/javafx.event.Event.fireEvent(Event.java:198)
	at javafx.graphics@21.0.7/javafx.scene.Scene$MouseHandler.process(Scene.java:3984)
	at javafx.graphics@21.0.7/javafx.scene.Scene.processMouseEvent(Scene.java:1890)
	at javafx.graphics@21.0.7/javafx.scene.Scene$ScenePeerListener.mouseEvent(Scene.java:2708)
	at javafx.graphics@21.0.7/com.sun.javafx.tk.quantum.GlassViewEventHandler$MouseEventNotification.run(GlassViewEventHandler.java:411)
	at javafx.graphics@21.0.7/com.sun.javafx.tk.quantum.GlassViewEventHandler$MouseEventNotification.run(GlassViewEventHandler.java:301)
	at java.base/java.security.AccessController.doPrivileged(AccessController.java:400)
	at javafx.graphics@21.0.7/com.sun.javafx.tk.quantum.GlassViewEventHandler.lambda$handleMouseEvent$2(GlassViewEventHandler.java:450)
	at javafx.graphics@21.0.7/com.sun.javafx.tk.quantum.QuantumToolkit.runWithoutRenderLock(QuantumToolkit.java:424)
	at javafx.graphics@21.0.7/com.sun.javafx.tk.quantum.GlassViewEventHandler.handleMouseEvent(GlassViewEventHandler.java:449)
	at javafx.graphics@21.0.7/com.sun.glass.ui.View.handleMouseEvent(View.java:551)
	at javafx.graphics@21.0.7/com.sun.glass.ui.View.notifyMouse(View.java:937)
	at javafx.graphics@21.0.7/com.sun.glass.ui.win.WinApplication._runLoop(Native Method)
	at javafx.graphics@21.0.7/com.sun.glass.ui.win.WinApplication.lambda$runLoop$3(WinApplication.java:185)
	at java.base/java.lang.Thread.run(Thread.java:1583)
