2025-08-11 06:11:26 INFO  [JavaFX Application Thread] com.zaxxer.hikari.HikariDataSource - ClubDBPool - Starting...
2025-08-11 06:21:16 INFO  [JavaFX Application Thread] com.zaxxer.hikari.HikariDataSource - ClubDBPool - Starting...
2025-08-11 06:28:32 ERROR [JavaFX Application Thread] c.c.c.utils.DatabaseConnector - Failed to initialize database connection pool
java.lang.IllegalArgumentException: Missing required property: db.host
	at com.cms.clubmanagementsystem/com.cms.clubmanagementsystem.utils.DatabaseConnector.validateProperties(DatabaseConnector.java:48)
	at com.cms.clubmanagementsystem/com.cms.clubmanagementsystem.utils.DatabaseConnector.<clinit>(DatabaseConnector.java:20)
	at com.cms.clubmanagementsystem/com.cms.clubmanagementsystem.controller.LoginController.handleLogin(LoginController.java:48)
	at java.base/jdk.internal.reflect.DirectMethodHandleAccessor.invoke(DirectMethodHandleAccessor.java:103)
	at java.base/java.lang.reflect.Method.invoke(Method.java:580)
	at com.sun.javafx.reflect.Trampoline.invoke(MethodUtil.java:72)
	at java.base/jdk.internal.reflect.DirectMethodHandleAccessor.invoke(DirectMethodHandleAccessor.java:103)
	at java.base/java.lang.reflect.Method.invoke(Method.java:580)
	at javafx.base@21.0.7/com.sun.javafx.reflect.MethodUtil.invoke(MethodUtil.java:270)
	at javafx.fxml@21.0.7/com.sun.javafx.fxml.MethodHelper.invoke(MethodHelper.java:84)
	at javafx.fxml@21.0.7/javafx.fxml.FXMLLoader$MethodHandler.invoke(FXMLLoader.java:1853)
	at javafx.fxml@21.0.7/javafx.fxml.FXMLLoader$ControllerMethodEventHandler.handle(FXMLLoader.java:1726)
	at javafx.base@21.0.7/com.sun.javafx.event.CompositeEventHandler.dispatchBubblingEvent(CompositeEventHandler.java:86)
	at javafx.base@21.0.7/com.sun.javafx.event.EventHandlerManager.dispatchBubblingEvent(EventHandlerManager.java:232)
	at javafx.base@21.0.7/com.sun.javafx.event.EventHandlerManager.dispatchBubblingEvent(EventHandlerManager.java:189)
	at javafx.base@21.0.7/com.sun.javafx.event.CompositeEventDispatcher.dispatchBubblingEvent(CompositeEventDispatcher.java:59)
	at javafx.base@21.0.7/com.sun.javafx.event.BasicEventDispatcher.dispatchEvent(BasicEventDispatcher.java:58)
	at javafx.base@21.0.7/com.sun.javafx.event.EventDispatchChainImpl.dispatchEvent(EventDispatchChainImpl.java:114)
	at javafx.base@21.0.7/com.sun.javafx.event.BasicEventDispatcher.dispatchEvent(BasicEventDispatcher.java:56)
	at javafx.base@21.0.7/com.sun.javafx.event.EventDispatchChainImpl.dispatchEvent(EventDispatchChainImpl.java:114)
	at javafx.base@21.0.7/com.sun.javafx.event.BasicEventDispatcher.dispatchEvent(BasicEventDispatcher.java:56)
	at javafx.base@21.0.7/com.sun.javafx.event.EventDispatchChainImpl.dispatchEvent(EventDispatchChainImpl.java:114)
	at javafx.base@21.0.7/com.sun.javafx.event.EventUtil.fireEventImpl(EventUtil.java:74)
	at javafx.base@21.0.7/com.sun.javafx.event.EventUtil.fireEvent(EventUtil.java:49)
	at javafx.base@21.0.7/javafx.event.Event.fireEvent(Event.java:198)
	at javafx.graphics@21.0.7/javafx.scene.Node.fireEvent(Node.java:8875)
	at javafx.controls@21.0.7/javafx.scene.control.Button.fire(Button.java:203)
	at javafx.controls@21.0.7/com.sun.javafx.scene.control.behavior.ButtonBehavior.mouseReleased(ButtonBehavior.java:207)
	at javafx.controls@21.0.7/com.sun.javafx.scene.control.inputmap.InputMap.handle(InputMap.java:274)
	at javafx.base@21.0.7/com.sun.javafx.event.CompositeEventHandler$NormalEventHandlerRecord.handleBubblingEvent(CompositeEventHandler.java:247)
	at javafx.base@21.0.7/com.sun.javafx.event.CompositeEventHandler.dispatchBubblingEvent(CompositeEventHandler.java:80)
	at javafx.base@21.0.7/com.sun.javafx.event.EventHandlerManager.dispatchBubblingEvent(EventHandlerManager.java:232)
	at javafx.base@21.0.7/com.sun.javafx.event.EventHandlerManager.dispatchBubblingEvent(EventHandlerManager.java:189)
	at javafx.base@21.0.7/com.sun.javafx.event.CompositeEventDispatcher.dispatchBubblingEvent(CompositeEventDispatcher.java:59)
	at javafx.base@21.0.7/com.sun.javafx.event.BasicEventDispatcher.dispatchEvent(BasicEventDispatcher.java:58)
	at javafx.base@21.0.7/com.sun.javafx.event.EventDispatchChainImpl.dispatchEvent(EventDispatchChainImpl.java:114)
	at javafx.base@21.0.7/com.sun.javafx.event.BasicEventDispatcher.dispatchEvent(BasicEventDispatcher.java:56)
	at javafx.base@21.0.7/com.sun.javafx.event.EventDispatchChainImpl.dispatchEvent(EventDispatchChainImpl.java:114)
	at javafx.base@21.0.7/com.sun.javafx.event.BasicEventDispatcher.dispatchEvent(BasicEventDispatcher.java:56)
	at javafx.base@21.0.7/com.sun.javafx.event.EventDispatchChainImpl.dispatchEvent(EventDispatchChainImpl.java:114)
	at javafx.base@21.0.7/com.sun.javafx.event.EventUtil.fireEventImpl(EventUtil.java:74)
	at javafx.base@21.0.7/com.sun.javafx.event.EventUtil.fireEvent(EventUtil.java:54)
	at javafx.base@21.0.7/javafx.event.Event.fireEvent(Event.java:198)
	at javafx.graphics@21.0.7/javafx.scene.Scene$MouseHandler.process(Scene.java:3984)
	at javafx.graphics@21.0.7/javafx.scene.Scene.processMouseEvent(Scene.java:1890)
	at javafx.graphics@21.0.7/javafx.scene.Scene$ScenePeerListener.mouseEvent(Scene.java:2708)
	at javafx.graphics@21.0.7/com.sun.javafx.tk.quantum.GlassViewEventHandler$MouseEventNotification.run(GlassViewEventHandler.java:411)
	at javafx.graphics@21.0.7/com.sun.javafx.tk.quantum.GlassViewEventHandler$MouseEventNotification.run(GlassViewEventHandler.java:301)
	at java.base/java.security.AccessController.doPrivileged(AccessController.java:400)
	at javafx.graphics@21.0.7/com.sun.javafx.tk.quantum.GlassViewEventHandler.lambda$handleMouseEvent$2(GlassViewEventHandler.java:450)
	at javafx.graphics@21.0.7/com.sun.javafx.tk.quantum.QuantumToolkit.runWithoutRenderLock(QuantumToolkit.java:424)
	at javafx.graphics@21.0.7/com.sun.javafx.tk.quantum.GlassViewEventHandler.handleMouseEvent(GlassViewEventHandler.java:449)
	at javafx.graphics@21.0.7/com.sun.glass.ui.View.handleMouseEvent(View.java:551)
	at javafx.graphics@21.0.7/com.sun.glass.ui.View.notifyMouse(View.java:937)
	at javafx.graphics@21.0.7/com.sun.glass.ui.win.WinApplication._runLoop(Native Method)
	at javafx.graphics@21.0.7/com.sun.glass.ui.win.WinApplication.lambda$runLoop$3(WinApplication.java:185)
	at java.base/java.lang.Thread.run(Thread.java:1583)
2025-08-11 06:41:07 ERROR [JavaFX Application Thread] c.c.c.utils.DatabaseConnector - Failed to initialize database connection pool
java.lang.IllegalArgumentException: Missing required property: db.name
	at com.cms.clubmanagementsystem/com.cms.clubmanagementsystem.utils.DatabaseConnector.validateProperties(DatabaseConnector.java:48)
	at com.cms.clubmanagementsystem/com.cms.clubmanagementsystem.utils.DatabaseConnector.<clinit>(DatabaseConnector.java:20)
	at com.cms.clubmanagementsystem/com.cms.clubmanagementsystem.controller.LoginController.handleLogin(LoginController.java:48)
	at java.base/jdk.internal.reflect.DirectMethodHandleAccessor.invoke(DirectMethodHandleAccessor.java:103)
	at java.base/java.lang.reflect.Method.invoke(Method.java:580)
	at com.sun.javafx.reflect.Trampoline.invoke(MethodUtil.java:72)
	at java.base/jdk.internal.reflect.DirectMethodHandleAccessor.invoke(DirectMethodHandleAccessor.java:103)
	at java.base/java.lang.reflect.Method.invoke(Method.java:580)
	at javafx.base@21.0.7/com.sun.javafx.reflect.MethodUtil.invoke(MethodUtil.java:270)
	at javafx.fxml@21.0.7/com.sun.javafx.fxml.MethodHelper.invoke(MethodHelper.java:84)
	at javafx.fxml@21.0.7/javafx.fxml.FXMLLoader$MethodHandler.invoke(FXMLLoader.java:1853)
	at javafx.fxml@21.0.7/javafx.fxml.FXMLLoader$ControllerMethodEventHandler.handle(FXMLLoader.java:1726)
	at javafx.base@21.0.7/com.sun.javafx.event.CompositeEventHandler.dispatchBubblingEvent(CompositeEventHandler.java:86)
	at javafx.base@21.0.7/com.sun.javafx.event.EventHandlerManager.dispatchBubblingEvent(EventHandlerManager.java:232)
	at javafx.base@21.0.7/com.sun.javafx.event.EventHandlerManager.dispatchBubblingEvent(EventHandlerManager.java:189)
	at javafx.base@21.0.7/com.sun.javafx.event.CompositeEventDispatcher.dispatchBubblingEvent(CompositeEventDispatcher.java:59)
	at javafx.base@21.0.7/com.sun.javafx.event.BasicEventDispatcher.dispatchEvent(BasicEventDispatcher.java:58)
	at javafx.base@21.0.7/com.sun.javafx.event.EventDispatchChainImpl.dispatchEvent(EventDispatchChainImpl.java:114)
	at javafx.base@21.0.7/com.sun.javafx.event.BasicEventDispatcher.dispatchEvent(BasicEventDispatcher.java:56)
	at javafx.base@21.0.7/com.sun.javafx.event.EventDispatchChainImpl.dispatchEvent(EventDispatchChainImpl.java:114)
	at javafx.base@21.0.7/com.sun.javafx.event.BasicEventDispatcher.dispatchEvent(BasicEventDispatcher.java:56)
	at javafx.base@21.0.7/com.sun.javafx.event.EventDispatchChainImpl.dispatchEvent(EventDispatchChainImpl.java:114)
	at javafx.base@21.0.7/com.sun.javafx.event.EventUtil.fireEventImpl(EventUtil.java:74)
	at javafx.base@21.0.7/com.sun.javafx.event.EventUtil.fireEvent(EventUtil.java:49)
	at javafx.base@21.0.7/javafx.event.Event.fireEvent(Event.java:198)
	at javafx.graphics@21.0.7/javafx.scene.Node.fireEvent(Node.java:8875)
	at javafx.controls@21.0.7/javafx.scene.control.Button.fire(Button.java:203)
	at javafx.controls@21.0.7/com.sun.javafx.scene.control.behavior.ButtonBehavior.mouseReleased(ButtonBehavior.java:207)
	at javafx.controls@21.0.7/com.sun.javafx.scene.control.inputmap.InputMap.handle(InputMap.java:274)
	at javafx.base@21.0.7/com.sun.javafx.event.CompositeEventHandler$NormalEventHandlerRecord.handleBubblingEvent(CompositeEventHandler.java:247)
	at javafx.base@21.0.7/com.sun.javafx.event.CompositeEventHandler.dispatchBubblingEvent(CompositeEventHandler.java:80)
	at javafx.base@21.0.7/com.sun.javafx.event.EventHandlerManager.dispatchBubblingEvent(EventHandlerManager.java:232)
	at javafx.base@21.0.7/com.sun.javafx.event.EventHandlerManager.dispatchBubblingEvent(EventHandlerManager.java:189)
	at javafx.base@21.0.7/com.sun.javafx.event.CompositeEventDispatcher.dispatchBubblingEvent(CompositeEventDispatcher.java:59)
	at javafx.base@21.0.7/com.sun.javafx.event.BasicEventDispatcher.dispatchEvent(BasicEventDispatcher.java:58)
	at javafx.base@21.0.7/com.sun.javafx.event.EventDispatchChainImpl.dispatchEvent(EventDispatchChainImpl.java:114)
	at javafx.base@21.0.7/com.sun.javafx.event.BasicEventDispatcher.dispatchEvent(BasicEventDispatcher.java:56)
	at javafx.base@21.0.7/com.sun.javafx.event.EventDispatchChainImpl.dispatchEvent(EventDispatchChainImpl.java:114)
	at javafx.base@21.0.7/com.sun.javafx.event.BasicEventDispatcher.dispatchEvent(BasicEventDispatcher.java:56)
	at javafx.base@21.0.7/com.sun.javafx.event.EventDispatchChainImpl.dispatchEvent(EventDispatchChainImpl.java:114)
	at javafx.base@21.0.7/com.sun.javafx.event.EventUtil.fireEventImpl(EventUtil.java:74)
	at javafx.base@21.0.7/com.sun.javafx.event.EventUtil.fireEvent(EventUtil.java:54)
	at javafx.base@21.0.7/javafx.event.Event.fireEvent(Event.java:198)
	at javafx.graphics@21.0.7/javafx.scene.Scene$MouseHandler.process(Scene.java:3984)
	at javafx.graphics@21.0.7/javafx.scene.Scene.processMouseEvent(Scene.java:1890)
	at javafx.graphics@21.0.7/javafx.scene.Scene$ScenePeerListener.mouseEvent(Scene.java:2708)
	at javafx.graphics@21.0.7/com.sun.javafx.tk.quantum.GlassViewEventHandler$MouseEventNotification.run(GlassViewEventHandler.java:411)
	at javafx.graphics@21.0.7/com.sun.javafx.tk.quantum.GlassViewEventHandler$MouseEventNotification.run(GlassViewEventHandler.java:301)
	at java.base/java.security.AccessController.doPrivileged(AccessController.java:400)
	at javafx.graphics@21.0.7/com.sun.javafx.tk.quantum.GlassViewEventHandler.lambda$handleMouseEvent$2(GlassViewEventHandler.java:450)
	at javafx.graphics@21.0.7/com.sun.javafx.tk.quantum.QuantumToolkit.runWithoutRenderLock(QuantumToolkit.java:424)
	at javafx.graphics@21.0.7/com.sun.javafx.tk.quantum.GlassViewEventHandler.handleMouseEvent(GlassViewEventHandler.java:449)
	at javafx.graphics@21.0.7/com.sun.glass.ui.View.handleMouseEvent(View.java:551)
	at javafx.graphics@21.0.7/com.sun.glass.ui.View.notifyMouse(View.java:937)
	at javafx.graphics@21.0.7/com.sun.glass.ui.win.WinApplication._runLoop(Native Method)
	at javafx.graphics@21.0.7/com.sun.glass.ui.win.WinApplication.lambda$runLoop$3(WinApplication.java:185)
	at java.base/java.lang.Thread.run(Thread.java:1583)
2025-08-11 06:50:57 INFO  [JavaFX Application Thread] c.c.c.utils.DatabaseConnector - Initializing database connection pool...
2025-08-11 06:50:57 ERROR [JavaFX Application Thread] c.c.c.utils.DatabaseConnector - CRITICAL: Failed to initialize database connection pool
java.io.FileNotFoundException: Database configuration file not found: database.properties
	at com.cms.clubmanagementsystem/com.cms.clubmanagementsystem.utils.DBConfig.load(DBConfig.java:23)
	at com.cms.clubmanagementsystem/com.cms.clubmanagementsystem.utils.DatabaseConnector.<clinit>(DatabaseConnector.java:20)
	at com.cms.clubmanagementsystem/com.cms.clubmanagementsystem.controller.LoginController.handleLogin(LoginController.java:48)
	at java.base/jdk.internal.reflect.DirectMethodHandleAccessor.invoke(DirectMethodHandleAccessor.java:103)
	at java.base/java.lang.reflect.Method.invoke(Method.java:580)
	at com.sun.javafx.reflect.Trampoline.invoke(MethodUtil.java:72)
	at java.base/jdk.internal.reflect.DirectMethodHandleAccessor.invoke(DirectMethodHandleAccessor.java:103)
	at java.base/java.lang.reflect.Method.invoke(Method.java:580)
	at javafx.base@21.0.7/com.sun.javafx.reflect.MethodUtil.invoke(MethodUtil.java:270)
	at javafx.fxml@21.0.7/com.sun.javafx.fxml.MethodHelper.invoke(MethodHelper.java:84)
	at javafx.fxml@21.0.7/javafx.fxml.FXMLLoader$MethodHandler.invoke(FXMLLoader.java:1853)
	at javafx.fxml@21.0.7/javafx.fxml.FXMLLoader$ControllerMethodEventHandler.handle(FXMLLoader.java:1726)
	at javafx.base@21.0.7/com.sun.javafx.event.CompositeEventHandler.dispatchBubblingEvent(CompositeEventHandler.java:86)
	at javafx.base@21.0.7/com.sun.javafx.event.EventHandlerManager.dispatchBubblingEvent(EventHandlerManager.java:232)
	at javafx.base@21.0.7/com.sun.javafx.event.EventHandlerManager.dispatchBubblingEvent(EventHandlerManager.java:189)
	at javafx.base@21.0.7/com.sun.javafx.event.CompositeEventDispatcher.dispatchBubblingEvent(CompositeEventDispatcher.java:59)
	at javafx.base@21.0.7/com.sun.javafx.event.BasicEventDispatcher.dispatchEvent(BasicEventDispatcher.java:58)
	at javafx.base@21.0.7/com.sun.javafx.event.EventDispatchChainImpl.dispatchEvent(EventDispatchChainImpl.java:114)
	at javafx.base@21.0.7/com.sun.javafx.event.BasicEventDispatcher.dispatchEvent(BasicEventDispatcher.java:56)
	at javafx.base@21.0.7/com.sun.javafx.event.EventDispatchChainImpl.dispatchEvent(EventDispatchChainImpl.java:114)
	at javafx.base@21.0.7/com.sun.javafx.event.BasicEventDispatcher.dispatchEvent(BasicEventDispatcher.java:56)
	at javafx.base@21.0.7/com.sun.javafx.event.EventDispatchChainImpl.dispatchEvent(EventDispatchChainImpl.java:114)
	at javafx.base@21.0.7/com.sun.javafx.event.EventUtil.fireEventImpl(EventUtil.java:74)
	at javafx.base@21.0.7/com.sun.javafx.event.EventUtil.fireEvent(EventUtil.java:49)
	at javafx.base@21.0.7/javafx.event.Event.fireEvent(Event.java:198)
	at javafx.graphics@21.0.7/javafx.scene.Node.fireEvent(Node.java:8875)
	at javafx.controls@21.0.7/javafx.scene.control.Button.fire(Button.java:203)
	at javafx.controls@21.0.7/com.sun.javafx.scene.control.behavior.ButtonBehavior.mouseReleased(ButtonBehavior.java:207)
	at javafx.controls@21.0.7/com.sun.javafx.scene.control.inputmap.InputMap.handle(InputMap.java:274)
	at javafx.base@21.0.7/com.sun.javafx.event.CompositeEventHandler$NormalEventHandlerRecord.handleBubblingEvent(CompositeEventHandler.java:247)
	at javafx.base@21.0.7/com.sun.javafx.event.CompositeEventHandler.dispatchBubblingEvent(CompositeEventHandler.java:80)
	at javafx.base@21.0.7/com.sun.javafx.event.EventHandlerManager.dispatchBubblingEvent(EventHandlerManager.java:232)
	at javafx.base@21.0.7/com.sun.javafx.event.EventHandlerManager.dispatchBubblingEvent(EventHandlerManager.java:189)
	at javafx.base@21.0.7/com.sun.javafx.event.CompositeEventDispatcher.dispatchBubblingEvent(CompositeEventDispatcher.java:59)
	at javafx.base@21.0.7/com.sun.javafx.event.BasicEventDispatcher.dispatchEvent(BasicEventDispatcher.java:58)
	at javafx.base@21.0.7/com.sun.javafx.event.EventDispatchChainImpl.dispatchEvent(EventDispatchChainImpl.java:114)
	at javafx.base@21.0.7/com.sun.javafx.event.BasicEventDispatcher.dispatchEvent(BasicEventDispatcher.java:56)
	at javafx.base@21.0.7/com.sun.javafx.event.EventDispatchChainImpl.dispatchEvent(EventDispatchChainImpl.java:114)
	at javafx.base@21.0.7/com.sun.javafx.event.BasicEventDispatcher.dispatchEvent(BasicEventDispatcher.java:56)
	at javafx.base@21.0.7/com.sun.javafx.event.EventDispatchChainImpl.dispatchEvent(EventDispatchChainImpl.java:114)
	at javafx.base@21.0.7/com.sun.javafx.event.EventUtil.fireEventImpl(EventUtil.java:74)
	at javafx.base@21.0.7/com.sun.javafx.event.EventUtil.fireEvent(EventUtil.java:54)
	at javafx.base@21.0.7/javafx.event.Event.fireEvent(Event.java:198)
	at javafx.graphics@21.0.7/javafx.scene.Scene$MouseHandler.process(Scene.java:3984)
	at javafx.graphics@21.0.7/javafx.scene.Scene.processMouseEvent(Scene.java:1890)
	at javafx.graphics@21.0.7/javafx.scene.Scene$ScenePeerListener.mouseEvent(Scene.java:2708)
	at javafx.graphics@21.0.7/com.sun.javafx.tk.quantum.GlassViewEventHandler$MouseEventNotification.run(GlassViewEventHandler.java:411)
	at javafx.graphics@21.0.7/com.sun.javafx.tk.quantum.GlassViewEventHandler$MouseEventNotification.run(GlassViewEventHandler.java:301)
	at java.base/java.security.AccessController.doPrivileged(AccessController.java:400)
	at javafx.graphics@21.0.7/com.sun.javafx.tk.quantum.GlassViewEventHandler.lambda$handleMouseEvent$2(GlassViewEventHandler.java:450)
	at javafx.graphics@21.0.7/com.sun.javafx.tk.quantum.QuantumToolkit.runWithoutRenderLock(QuantumToolkit.java:424)
	at javafx.graphics@21.0.7/com.sun.javafx.tk.quantum.GlassViewEventHandler.handleMouseEvent(GlassViewEventHandler.java:449)
	at javafx.graphics@21.0.7/com.sun.glass.ui.View.handleMouseEvent(View.java:551)
	at javafx.graphics@21.0.7/com.sun.glass.ui.View.notifyMouse(View.java:937)
	at javafx.graphics@21.0.7/com.sun.glass.ui.win.WinApplication._runLoop(Native Method)
	at javafx.graphics@21.0.7/com.sun.glass.ui.win.WinApplication.lambda$runLoop$3(WinApplication.java:185)
	at java.base/java.lang.Thread.run(Thread.java:1583)
2025-08-11 07:00:42 INFO  [JavaFX Application Thread] c.c.c.utils.DatabaseConnector - Initializing database connection pool...
2025-08-11 07:00:42 ERROR [JavaFX Application Thread] c.c.c.utils.DatabaseConnector - CRITICAL: Failed to initialize database connection pool
java.io.FileNotFoundException: Database configuration file not found: config.properties
	at com.cms.clubmanagementsystem/com.cms.clubmanagementsystem.utils.DBConfig.load(DBConfig.java:23)
	at com.cms.clubmanagementsystem/com.cms.clubmanagementsystem.utils.DatabaseConnector.<clinit>(DatabaseConnector.java:20)
	at com.cms.clubmanagementsystem/com.cms.clubmanagementsystem.controller.LoginController.handleLogin(LoginController.java:48)
	at java.base/jdk.internal.reflect.DirectMethodHandleAccessor.invoke(DirectMethodHandleAccessor.java:103)
	at java.base/java.lang.reflect.Method.invoke(Method.java:580)
	at com.sun.javafx.reflect.Trampoline.invoke(MethodUtil.java:72)
	at java.base/jdk.internal.reflect.DirectMethodHandleAccessor.invoke(DirectMethodHandleAccessor.java:103)
	at java.base/java.lang.reflect.Method.invoke(Method.java:580)
	at javafx.base@21.0.7/com.sun.javafx.reflect.MethodUtil.invoke(MethodUtil.java:270)
	at javafx.fxml@21.0.7/com.sun.javafx.fxml.MethodHelper.invoke(MethodHelper.java:84)
	at javafx.fxml@21.0.7/javafx.fxml.FXMLLoader$MethodHandler.invoke(FXMLLoader.java:1853)
	at javafx.fxml@21.0.7/javafx.fxml.FXMLLoader$ControllerMethodEventHandler.handle(FXMLLoader.java:1726)
	at javafx.base@21.0.7/com.sun.javafx.event.CompositeEventHandler.dispatchBubblingEvent(CompositeEventHandler.java:86)
	at javafx.base@21.0.7/com.sun.javafx.event.EventHandlerManager.dispatchBubblingEvent(EventHandlerManager.java:232)
	at javafx.base@21.0.7/com.sun.javafx.event.EventHandlerManager.dispatchBubblingEvent(EventHandlerManager.java:189)
	at javafx.base@21.0.7/com.sun.javafx.event.CompositeEventDispatcher.dispatchBubblingEvent(CompositeEventDispatcher.java:59)
	at javafx.base@21.0.7/com.sun.javafx.event.BasicEventDispatcher.dispatchEvent(BasicEventDispatcher.java:58)
	at javafx.base@21.0.7/com.sun.javafx.event.EventDispatchChainImpl.dispatchEvent(EventDispatchChainImpl.java:114)
	at javafx.base@21.0.7/com.sun.javafx.event.BasicEventDispatcher.dispatchEvent(BasicEventDispatcher.java:56)
	at javafx.base@21.0.7/com.sun.javafx.event.EventDispatchChainImpl.dispatchEvent(EventDispatchChainImpl.java:114)
	at javafx.base@21.0.7/com.sun.javafx.event.BasicEventDispatcher.dispatchEvent(BasicEventDispatcher.java:56)
	at javafx.base@21.0.7/com.sun.javafx.event.EventDispatchChainImpl.dispatchEvent(EventDispatchChainImpl.java:114)
	at javafx.base@21.0.7/com.sun.javafx.event.EventUtil.fireEventImpl(EventUtil.java:74)
	at javafx.base@21.0.7/com.sun.javafx.event.EventUtil.fireEvent(EventUtil.java:49)
	at javafx.base@21.0.7/javafx.event.Event.fireEvent(Event.java:198)
	at javafx.graphics@21.0.7/javafx.scene.Node.fireEvent(Node.java:8875)
	at javafx.controls@21.0.7/javafx.scene.control.Button.fire(Button.java:203)
	at javafx.controls@21.0.7/com.sun.javafx.scene.control.behavior.ButtonBehavior.mouseReleased(ButtonBehavior.java:207)
	at javafx.controls@21.0.7/com.sun.javafx.scene.control.inputmap.InputMap.handle(InputMap.java:274)
	at javafx.base@21.0.7/com.sun.javafx.event.CompositeEventHandler$NormalEventHandlerRecord.handleBubblingEvent(CompositeEventHandler.java:247)
	at javafx.base@21.0.7/com.sun.javafx.event.CompositeEventHandler.dispatchBubblingEvent(CompositeEventHandler.java:80)
	at javafx.base@21.0.7/com.sun.javafx.event.EventHandlerManager.dispatchBubblingEvent(EventHandlerManager.java:232)
	at javafx.base@21.0.7/com.sun.javafx.event.EventHandlerManager.dispatchBubblingEvent(EventHandlerManager.java:189)
	at javafx.base@21.0.7/com.sun.javafx.event.CompositeEventDispatcher.dispatchBubblingEvent(CompositeEventDispatcher.java:59)
	at javafx.base@21.0.7/com.sun.javafx.event.BasicEventDispatcher.dispatchEvent(BasicEventDispatcher.java:58)
	at javafx.base@21.0.7/com.sun.javafx.event.EventDispatchChainImpl.dispatchEvent(EventDispatchChainImpl.java:114)
	at javafx.base@21.0.7/com.sun.javafx.event.BasicEventDispatcher.dispatchEvent(BasicEventDispatcher.java:56)
	at javafx.base@21.0.7/com.sun.javafx.event.EventDispatchChainImpl.dispatchEvent(EventDispatchChainImpl.java:114)
	at javafx.base@21.0.7/com.sun.javafx.event.BasicEventDispatcher.dispatchEvent(BasicEventDispatcher.java:56)
	at javafx.base@21.0.7/com.sun.javafx.event.EventDispatchChainImpl.dispatchEvent(EventDispatchChainImpl.java:114)
	at javafx.base@21.0.7/com.sun.javafx.event.EventUtil.fireEventImpl(EventUtil.java:74)
	at javafx.base@21.0.7/com.sun.javafx.event.EventUtil.fireEvent(EventUtil.java:54)
	at javafx.base@21.0.7/javafx.event.Event.fireEvent(Event.java:198)
	at javafx.graphics@21.0.7/javafx.scene.Scene$MouseHandler.process(Scene.java:3984)
	at javafx.graphics@21.0.7/javafx.scene.Scene.processMouseEvent(Scene.java:1890)
	at javafx.graphics@21.0.7/javafx.scene.Scene$ScenePeerListener.mouseEvent(Scene.java:2708)
	at javafx.graphics@21.0.7/com.sun.javafx.tk.quantum.GlassViewEventHandler$MouseEventNotification.run(GlassViewEventHandler.java:411)
	at javafx.graphics@21.0.7/com.sun.javafx.tk.quantum.GlassViewEventHandler$MouseEventNotification.run(GlassViewEventHandler.java:301)
	at java.base/java.security.AccessController.doPrivileged(AccessController.java:400)
	at javafx.graphics@21.0.7/com.sun.javafx.tk.quantum.GlassViewEventHandler.lambda$handleMouseEvent$2(GlassViewEventHandler.java:450)
	at javafx.graphics@21.0.7/com.sun.javafx.tk.quantum.QuantumToolkit.runWithoutRenderLock(QuantumToolkit.java:424)
	at javafx.graphics@21.0.7/com.sun.javafx.tk.quantum.GlassViewEventHandler.handleMouseEvent(GlassViewEventHandler.java:449)
	at javafx.graphics@21.0.7/com.sun.glass.ui.View.handleMouseEvent(View.java:551)
	at javafx.graphics@21.0.7/com.sun.glass.ui.View.notifyMouse(View.java:937)
	at javafx.graphics@21.0.7/com.sun.glass.ui.win.WinApplication._runLoop(Native Method)
	at javafx.graphics@21.0.7/com.sun.glass.ui.win.WinApplication.lambda$runLoop$3(WinApplication.java:185)
	at java.base/java.lang.Thread.run(Thread.java:1583)
2025-08-11 07:02:18 INFO  [JavaFX Application Thread] c.c.c.utils.DatabaseConnector - Initializing database connection pool...
2025-08-11 07:02:18 ERROR [JavaFX Application Thread] c.c.c.utils.DatabaseConnector - CRITICAL: Failed to initialize database connection pool
java.io.FileNotFoundException: Database configuration file not found: src/main/resources/config/config.properties
	at com.cms.clubmanagementsystem/com.cms.clubmanagementsystem.utils.DBConfig.load(DBConfig.java:23)
	at com.cms.clubmanagementsystem/com.cms.clubmanagementsystem.utils.DatabaseConnector.<clinit>(DatabaseConnector.java:20)
	at com.cms.clubmanagementsystem/com.cms.clubmanagementsystem.controller.LoginController.handleLogin(LoginController.java:48)
	at java.base/jdk.internal.reflect.DirectMethodHandleAccessor.invoke(DirectMethodHandleAccessor.java:103)
	at java.base/java.lang.reflect.Method.invoke(Method.java:580)
	at com.sun.javafx.reflect.Trampoline.invoke(MethodUtil.java:72)
	at java.base/jdk.internal.reflect.DirectMethodHandleAccessor.invoke(DirectMethodHandleAccessor.java:103)
	at java.base/java.lang.reflect.Method.invoke(Method.java:580)
	at javafx.base@21.0.7/com.sun.javafx.reflect.MethodUtil.invoke(MethodUtil.java:270)
	at javafx.fxml@21.0.7/com.sun.javafx.fxml.MethodHelper.invoke(MethodHelper.java:84)
	at javafx.fxml@21.0.7/javafx.fxml.FXMLLoader$MethodHandler.invoke(FXMLLoader.java:1853)
	at javafx.fxml@21.0.7/javafx.fxml.FXMLLoader$ControllerMethodEventHandler.handle(FXMLLoader.java:1726)
	at javafx.base@21.0.7/com.sun.javafx.event.CompositeEventHandler.dispatchBubblingEvent(CompositeEventHandler.java:86)
	at javafx.base@21.0.7/com.sun.javafx.event.EventHandlerManager.dispatchBubblingEvent(EventHandlerManager.java:232)
	at javafx.base@21.0.7/com.sun.javafx.event.EventHandlerManager.dispatchBubblingEvent(EventHandlerManager.java:189)
	at javafx.base@21.0.7/com.sun.javafx.event.CompositeEventDispatcher.dispatchBubblingEvent(CompositeEventDispatcher.java:59)
	at javafx.base@21.0.7/com.sun.javafx.event.BasicEventDispatcher.dispatchEvent(BasicEventDispatcher.java:58)
	at javafx.base@21.0.7/com.sun.javafx.event.EventDispatchChainImpl.dispatchEvent(EventDispatchChainImpl.java:114)
	at javafx.base@21.0.7/com.sun.javafx.event.BasicEventDispatcher.dispatchEvent(BasicEventDispatcher.java:56)
	at javafx.base@21.0.7/com.sun.javafx.event.EventDispatchChainImpl.dispatchEvent(EventDispatchChainImpl.java:114)
	at javafx.base@21.0.7/com.sun.javafx.event.BasicEventDispatcher.dispatchEvent(BasicEventDispatcher.java:56)
	at javafx.base@21.0.7/com.sun.javafx.event.EventDispatchChainImpl.dispatchEvent(EventDispatchChainImpl.java:114)
	at javafx.base@21.0.7/com.sun.javafx.event.EventUtil.fireEventImpl(EventUtil.java:74)
	at javafx.base@21.0.7/com.sun.javafx.event.EventUtil.fireEvent(EventUtil.java:49)
	at javafx.base@21.0.7/javafx.event.Event.fireEvent(Event.java:198)
	at javafx.graphics@21.0.7/javafx.scene.Node.fireEvent(Node.java:8875)
	at javafx.controls@21.0.7/javafx.scene.control.Button.fire(Button.java:203)
	at javafx.controls@21.0.7/com.sun.javafx.scene.control.behavior.ButtonBehavior.mouseReleased(ButtonBehavior.java:207)
	at javafx.controls@21.0.7/com.sun.javafx.scene.control.inputmap.InputMap.handle(InputMap.java:274)
	at javafx.base@21.0.7/com.sun.javafx.event.CompositeEventHandler$NormalEventHandlerRecord.handleBubblingEvent(CompositeEventHandler.java:247)
	at javafx.base@21.0.7/com.sun.javafx.event.CompositeEventHandler.dispatchBubblingEvent(CompositeEventHandler.java:80)
	at javafx.base@21.0.7/com.sun.javafx.event.EventHandlerManager.dispatchBubblingEvent(EventHandlerManager.java:232)
	at javafx.base@21.0.7/com.sun.javafx.event.EventHandlerManager.dispatchBubblingEvent(EventHandlerManager.java:189)
	at javafx.base@21.0.7/com.sun.javafx.event.CompositeEventDispatcher.dispatchBubblingEvent(CompositeEventDispatcher.java:59)
	at javafx.base@21.0.7/com.sun.javafx.event.BasicEventDispatcher.dispatchEvent(BasicEventDispatcher.java:58)
	at javafx.base@21.0.7/com.sun.javafx.event.EventDispatchChainImpl.dispatchEvent(EventDispatchChainImpl.java:114)
	at javafx.base@21.0.7/com.sun.javafx.event.BasicEventDispatcher.dispatchEvent(BasicEventDispatcher.java:56)
	at javafx.base@21.0.7/com.sun.javafx.event.EventDispatchChainImpl.dispatchEvent(EventDispatchChainImpl.java:114)
	at javafx.base@21.0.7/com.sun.javafx.event.BasicEventDispatcher.dispatchEvent(BasicEventDispatcher.java:56)
	at javafx.base@21.0.7/com.sun.javafx.event.EventDispatchChainImpl.dispatchEvent(EventDispatchChainImpl.java:114)
	at javafx.base@21.0.7/com.sun.javafx.event.EventUtil.fireEventImpl(EventUtil.java:74)
	at javafx.base@21.0.7/com.sun.javafx.event.EventUtil.fireEvent(EventUtil.java:54)
	at javafx.base@21.0.7/javafx.event.Event.fireEvent(Event.java:198)
	at javafx.graphics@21.0.7/javafx.scene.Scene$MouseHandler.process(Scene.java:3984)
	at javafx.graphics@21.0.7/javafx.scene.Scene.processMouseEvent(Scene.java:1890)
	at javafx.graphics@21.0.7/javafx.scene.Scene$ScenePeerListener.mouseEvent(Scene.java:2708)
	at javafx.graphics@21.0.7/com.sun.javafx.tk.quantum.GlassViewEventHandler$MouseEventNotification.run(GlassViewEventHandler.java:411)
	at javafx.graphics@21.0.7/com.sun.javafx.tk.quantum.GlassViewEventHandler$MouseEventNotification.run(GlassViewEventHandler.java:301)
	at java.base/java.security.AccessController.doPrivileged(AccessController.java:400)
	at javafx.graphics@21.0.7/com.sun.javafx.tk.quantum.GlassViewEventHandler.lambda$handleMouseEvent$2(GlassViewEventHandler.java:450)
	at javafx.graphics@21.0.7/com.sun.javafx.tk.quantum.QuantumToolkit.runWithoutRenderLock(QuantumToolkit.java:424)
	at javafx.graphics@21.0.7/com.sun.javafx.tk.quantum.GlassViewEventHandler.handleMouseEvent(GlassViewEventHandler.java:449)
	at javafx.graphics@21.0.7/com.sun.glass.ui.View.handleMouseEvent(View.java:551)
	at javafx.graphics@21.0.7/com.sun.glass.ui.View.notifyMouse(View.java:937)
	at javafx.graphics@21.0.7/com.sun.glass.ui.win.WinApplication._runLoop(Native Method)
	at javafx.graphics@21.0.7/com.sun.glass.ui.win.WinApplication.lambda$runLoop$3(WinApplication.java:185)
	at java.base/java.lang.Thread.run(Thread.java:1583)
2025-08-11 07:05:15 INFO  [JavaFX Application Thread] c.c.c.utils.DatabaseConnector - Initializing database connection pool...
2025-08-11 07:05:16 ERROR [JavaFX Application Thread] c.c.c.utils.DatabaseConnector - CRITICAL: Failed to initialize database connection pool
java.io.FileNotFoundException: Configuration file not found: config/config.properties
	at com.cms.clubmanagementsystem/com.cms.clubmanagementsystem.utils.DBConfig.load(DBConfig.java:23)
	at com.cms.clubmanagementsystem/com.cms.clubmanagementsystem.utils.DatabaseConnector.<clinit>(DatabaseConnector.java:20)
	at com.cms.clubmanagementsystem/com.cms.clubmanagementsystem.controller.LoginController.handleLogin(LoginController.java:48)
	at java.base/jdk.internal.reflect.DirectMethodHandleAccessor.invoke(DirectMethodHandleAccessor.java:103)
	at java.base/java.lang.reflect.Method.invoke(Method.java:580)
	at com.sun.javafx.reflect.Trampoline.invoke(MethodUtil.java:72)
	at java.base/jdk.internal.reflect.DirectMethodHandleAccessor.invoke(DirectMethodHandleAccessor.java:103)
	at java.base/java.lang.reflect.Method.invoke(Method.java:580)
	at javafx.base@21.0.7/com.sun.javafx.reflect.MethodUtil.invoke(MethodUtil.java:270)
	at javafx.fxml@21.0.7/com.sun.javafx.fxml.MethodHelper.invoke(MethodHelper.java:84)
	at javafx.fxml@21.0.7/javafx.fxml.FXMLLoader$MethodHandler.invoke(FXMLLoader.java:1853)
	at javafx.fxml@21.0.7/javafx.fxml.FXMLLoader$ControllerMethodEventHandler.handle(FXMLLoader.java:1726)
	at javafx.base@21.0.7/com.sun.javafx.event.CompositeEventHandler.dispatchBubblingEvent(CompositeEventHandler.java:86)
	at javafx.base@21.0.7/com.sun.javafx.event.EventHandlerManager.dispatchBubblingEvent(EventHandlerManager.java:232)
	at javafx.base@21.0.7/com.sun.javafx.event.EventHandlerManager.dispatchBubblingEvent(EventHandlerManager.java:189)
	at javafx.base@21.0.7/com.sun.javafx.event.CompositeEventDispatcher.dispatchBubblingEvent(CompositeEventDispatcher.java:59)
	at javafx.base@21.0.7/com.sun.javafx.event.BasicEventDispatcher.dispatchEvent(BasicEventDispatcher.java:58)
	at javafx.base@21.0.7/com.sun.javafx.event.EventDispatchChainImpl.dispatchEvent(EventDispatchChainImpl.java:114)
	at javafx.base@21.0.7/com.sun.javafx.event.BasicEventDispatcher.dispatchEvent(BasicEventDispatcher.java:56)
	at javafx.base@21.0.7/com.sun.javafx.event.EventDispatchChainImpl.dispatchEvent(EventDispatchChainImpl.java:114)
	at javafx.base@21.0.7/com.sun.javafx.event.BasicEventDispatcher.dispatchEvent(BasicEventDispatcher.java:56)
	at javafx.base@21.0.7/com.sun.javafx.event.EventDispatchChainImpl.dispatchEvent(EventDispatchChainImpl.java:114)
	at javafx.base@21.0.7/com.sun.javafx.event.EventUtil.fireEventImpl(EventUtil.java:74)
	at javafx.base@21.0.7/com.sun.javafx.event.EventUtil.fireEvent(EventUtil.java:49)
	at javafx.base@21.0.7/javafx.event.Event.fireEvent(Event.java:198)
	at javafx.graphics@21.0.7/javafx.scene.Node.fireEvent(Node.java:8875)
	at javafx.controls@21.0.7/javafx.scene.control.Button.fire(Button.java:203)
	at javafx.controls@21.0.7/com.sun.javafx.scene.control.behavior.ButtonBehavior.mouseReleased(ButtonBehavior.java:207)
	at javafx.controls@21.0.7/com.sun.javafx.scene.control.inputmap.InputMap.handle(InputMap.java:274)
	at javafx.base@21.0.7/com.sun.javafx.event.CompositeEventHandler$NormalEventHandlerRecord.handleBubblingEvent(CompositeEventHandler.java:247)
	at javafx.base@21.0.7/com.sun.javafx.event.CompositeEventHandler.dispatchBubblingEvent(CompositeEventHandler.java:80)
	at javafx.base@21.0.7/com.sun.javafx.event.EventHandlerManager.dispatchBubblingEvent(EventHandlerManager.java:232)
	at javafx.base@21.0.7/com.sun.javafx.event.EventHandlerManager.dispatchBubblingEvent(EventHandlerManager.java:189)
	at javafx.base@21.0.7/com.sun.javafx.event.CompositeEventDispatcher.dispatchBubblingEvent(CompositeEventDispatcher.java:59)
	at javafx.base@21.0.7/com.sun.javafx.event.BasicEventDispatcher.dispatchEvent(BasicEventDispatcher.java:58)
	at javafx.base@21.0.7/com.sun.javafx.event.EventDispatchChainImpl.dispatchEvent(EventDispatchChainImpl.java:114)
	at javafx.base@21.0.7/com.sun.javafx.event.BasicEventDispatcher.dispatchEvent(BasicEventDispatcher.java:56)
	at javafx.base@21.0.7/com.sun.javafx.event.EventDispatchChainImpl.dispatchEvent(EventDispatchChainImpl.java:114)
	at javafx.base@21.0.7/com.sun.javafx.event.BasicEventDispatcher.dispatchEvent(BasicEventDispatcher.java:56)
	at javafx.base@21.0.7/com.sun.javafx.event.EventDispatchChainImpl.dispatchEvent(EventDispatchChainImpl.java:114)
	at javafx.base@21.0.7/com.sun.javafx.event.EventUtil.fireEventImpl(EventUtil.java:74)
	at javafx.base@21.0.7/com.sun.javafx.event.EventUtil.fireEvent(EventUtil.java:54)
	at javafx.base@21.0.7/javafx.event.Event.fireEvent(Event.java:198)
	at javafx.graphics@21.0.7/javafx.scene.Scene$MouseHandler.process(Scene.java:3984)
	at javafx.graphics@21.0.7/javafx.scene.Scene.processMouseEvent(Scene.java:1890)
	at javafx.graphics@21.0.7/javafx.scene.Scene$ScenePeerListener.mouseEvent(Scene.java:2708)
	at javafx.graphics@21.0.7/com.sun.javafx.tk.quantum.GlassViewEventHandler$MouseEventNotification.run(GlassViewEventHandler.java:411)
	at javafx.graphics@21.0.7/com.sun.javafx.tk.quantum.GlassViewEventHandler$MouseEventNotification.run(GlassViewEventHandler.java:301)
	at java.base/java.security.AccessController.doPrivileged(AccessController.java:400)
	at javafx.graphics@21.0.7/com.sun.javafx.tk.quantum.GlassViewEventHandler.lambda$handleMouseEvent$2(GlassViewEventHandler.java:450)
	at javafx.graphics@21.0.7/com.sun.javafx.tk.quantum.QuantumToolkit.runWithoutRenderLock(QuantumToolkit.java:424)
	at javafx.graphics@21.0.7/com.sun.javafx.tk.quantum.GlassViewEventHandler.handleMouseEvent(GlassViewEventHandler.java:449)
	at javafx.graphics@21.0.7/com.sun.glass.ui.View.handleMouseEvent(View.java:551)
	at javafx.graphics@21.0.7/com.sun.glass.ui.View.notifyMouse(View.java:937)
	at javafx.graphics@21.0.7/com.sun.glass.ui.win.WinApplication._runLoop(Native Method)
	at javafx.graphics@21.0.7/com.sun.glass.ui.win.WinApplication.lambda$runLoop$3(WinApplication.java:185)
	at java.base/java.lang.Thread.run(Thread.java:1583)
2025-08-11 07:20:10 INFO  [JavaFX Application Thread] c.c.c.utils.DatabaseConnector - Initializing database connection pool...
2025-08-11 07:20:10 INFO  [JavaFX Application Thread] com.zaxxer.hikari.HikariDataSource - ClubDBPool - Starting...
2025-08-11 07:20:14 INFO  [JavaFX Application Thread] com.zaxxer.hikari.pool.HikariPool - ClubDBPool - Added connection org.postgresql.jdbc.PgConnection@2f3e0906
2025-08-11 07:20:14 INFO  [JavaFX Application Thread] com.zaxxer.hikari.HikariDataSource - ClubDBPool - Start completed.
2025-08-11 07:20:15 INFO  [JavaFX Application Thread] c.c.c.utils.DatabaseConnector - Database connection pool initialized successfully
2025-08-11 07:20:16 INFO  [JavaFX Application Thread] c.c.c.utils.SessionManager - Session created for username=mw1 userId=fb54a7ac-c718-43a7-97bc-428d68d9da69 schoolId=9d47203f-4e54-47ac-a560-eeb277794e76
2025-08-11 07:20:16 INFO  [JavaFX Application Thread] c.c.c.controller.LoginController - User 'mw1' logged in successfully (userId=fb54a7ac-c718-43a7-97bc-428d68d9da69, schoolId=9d47203f-4e54-47ac-a560-eeb277794e76, role=coordinator)
2025-08-11 08:02:45 INFO  [JavaFX Application Thread] c.c.c.utils.DatabaseConnector - Initializing database connection pool...
2025-08-11 08:02:45 INFO  [JavaFX Application Thread] com.zaxxer.hikari.HikariDataSource - ClubDBPool - Starting...
2025-08-11 08:02:48 INFO  [JavaFX Application Thread] com.zaxxer.hikari.pool.HikariPool - ClubDBPool - Added connection org.postgresql.jdbc.PgConnection@29501428
2025-08-11 08:02:48 INFO  [JavaFX Application Thread] com.zaxxer.hikari.HikariDataSource - ClubDBPool - Start completed.
2025-08-11 08:02:48 INFO  [JavaFX Application Thread] c.c.c.utils.DatabaseConnector - Database connection pool initialized successfully
2025-08-11 08:20:49 INFO  [JavaFX Application Thread] c.c.c.utils.DatabaseConnector - Initializing database connection pool...
2025-08-11 08:20:49 INFO  [JavaFX Application Thread] com.zaxxer.hikari.HikariDataSource - ClubDBPool - Starting...
2025-08-11 08:20:53 INFO  [JavaFX Application Thread] com.zaxxer.hikari.pool.HikariPool - ClubDBPool - Added connection org.postgresql.jdbc.PgConnection@6c800747
2025-08-11 08:20:53 INFO  [JavaFX Application Thread] com.zaxxer.hikari.HikariDataSource - ClubDBPool - Start completed.
2025-08-11 08:20:53 INFO  [JavaFX Application Thread] c.c.c.utils.DatabaseConnector - Database connection pool initialized successfully
2025-08-11 08:41:09 INFO  [JavaFX Application Thread] c.c.c.utils.DatabaseConnector - Initializing database connection pool...
2025-08-11 08:41:09 INFO  [JavaFX Application Thread] com.zaxxer.hikari.HikariDataSource - ClubDBPool - Starting...
2025-08-11 08:41:12 INFO  [JavaFX Application Thread] com.zaxxer.hikari.pool.HikariPool - ClubDBPool - Added connection org.postgresql.jdbc.PgConnection@7bb106b7
2025-08-11 08:41:12 INFO  [JavaFX Application Thread] com.zaxxer.hikari.HikariDataSource - ClubDBPool - Start completed.
2025-08-11 08:41:12 INFO  [JavaFX Application Thread] c.c.c.utils.DatabaseConnector - Database connection pool initialized successfully
2025-08-11 08:41:13 INFO  [JavaFX Application Thread] c.c.c.controller.LoginController - Login failed - username not found (or RLS blocked): mw1
2025-08-11 09:35:37 INFO  [JavaFX Application Thread] c.c.c.utils.DatabaseConnector - Initializing database connection pool...
2025-08-11 09:35:37 INFO  [JavaFX Application Thread] com.zaxxer.hikari.HikariDataSource - ClubDBPool - Starting...
2025-08-11 09:35:42 INFO  [JavaFX Application Thread] com.zaxxer.hikari.pool.HikariPool - ClubDBPool - Added connection org.postgresql.jdbc.PgConnection@5d5f8aba
2025-08-11 09:35:42 INFO  [JavaFX Application Thread] com.zaxxer.hikari.HikariDataSource - ClubDBPool - Start completed.
2025-08-11 09:35:42 INFO  [JavaFX Application Thread] c.c.c.utils.DatabaseConnector - Database connection pool initialized successfully
2025-08-11 09:50:32 INFO  [JavaFX Application Thread] c.c.c.utils.DatabaseConnector - Initializing database connection pool...
2025-08-11 09:50:32 INFO  [JavaFX Application Thread] com.zaxxer.hikari.HikariDataSource - ClubDBPool - Starting...
2025-08-11 09:50:44 INFO  [JavaFX Application Thread] com.zaxxer.hikari.pool.HikariPool - ClubDBPool - Added connection org.postgresql.jdbc.PgConnection@2c46c94d
2025-08-11 09:50:44 INFO  [JavaFX Application Thread] com.zaxxer.hikari.HikariDataSource - ClubDBPool - Start completed.
2025-08-11 09:50:44 INFO  [JavaFX Application Thread] c.c.c.utils.DatabaseConnector - Database connection pool initialized successfully
2025-08-11 10:10:10 INFO  [JavaFX Application Thread] c.c.c.utils.DatabaseConnector - Initializing database connection pool...
2025-08-11 10:10:11 INFO  [JavaFX Application Thread] com.zaxxer.hikari.HikariDataSource - ClubDBPool - Starting...
2025-08-11 10:10:11 INFO  [JavaFX Application Thread] com.zaxxer.hikari.pool.HikariPool - ClubDBPool - Added connection org.postgresql.jdbc.PgConnection@f4a534a
2025-08-11 10:10:11 INFO  [JavaFX Application Thread] com.zaxxer.hikari.HikariDataSource - ClubDBPool - Start completed.
2025-08-11 10:10:11 INFO  [JavaFX Application Thread] c.c.c.utils.DatabaseConnector - Database connection pool initialized successfully
2025-08-11 10:10:12 INFO  [JavaFX Application Thread] c.c.c.controller.LoginController - Invalid password attempt for username=mw1
2025-08-11 10:10:31 INFO  [JavaFX Application Thread] c.c.c.utils.SessionManager - Session created for username=mw1 userId=55cab5aa-3bc1-42a9-af0e-3c38ec9664f6 schoolId=9d47203f-4e54-47ac-a560-eeb277794e76
2025-08-11 10:10:31 INFO  [JavaFX Application Thread] c.c.c.controller.LoginController - User 'mw1' logged in successfully (userId=55cab5aa-3bc1-42a9-af0e-3c38ec9664f6, schoolId=9d47203f-4e54-47ac-a560-eeb277794e76, role=coordinator)
2025-08-11 10:11:11 INFO  [JavaFX Application Thread] c.c.c.utils.DatabaseConnector - Initializing database connection pool...
2025-08-11 10:11:11 INFO  [JavaFX Application Thread] com.zaxxer.hikari.HikariDataSource - ClubDBPool - Starting...
2025-08-11 10:11:12 INFO  [JavaFX Application Thread] com.zaxxer.hikari.pool.HikariPool - ClubDBPool - Added connection org.postgresql.jdbc.PgConnection@5cb26c5c
2025-08-11 10:11:12 INFO  [JavaFX Application Thread] com.zaxxer.hikari.HikariDataSource - ClubDBPool - Start completed.
2025-08-11 10:11:12 INFO  [JavaFX Application Thread] c.c.c.utils.DatabaseConnector - Database connection pool initialized successfully
2025-08-11 10:11:13 INFO  [JavaFX Application Thread] c.c.c.utils.SessionManager - Session created for username=kenwa userId=2954e962-5ffd-4f4e-9ca0-1c496da73330 schoolId=9d47203f-4e54-47ac-a560-eeb277794e76
2025-08-11 10:11:13 INFO  [JavaFX Application Thread] c.c.c.controller.LoginController - User 'kenwa' logged in successfully (userId=2954e962-5ffd-4f4e-9ca0-1c496da73330, schoolId=9d47203f-4e54-47ac-a560-eeb277794e76, role=coordinator)
2025-08-11 10:11:44 INFO  [JavaFX Application Thread] c.c.c.utils.DatabaseConnector - Initializing database connection pool...
2025-08-11 10:11:44 INFO  [JavaFX Application Thread] com.zaxxer.hikari.HikariDataSource - ClubDBPool - Starting...
2025-08-11 10:11:44 INFO  [JavaFX Application Thread] com.zaxxer.hikari.pool.HikariPool - ClubDBPool - Added connection org.postgresql.jdbc.PgConnection@735b73ea
2025-08-11 10:11:44 INFO  [JavaFX Application Thread] com.zaxxer.hikari.HikariDataSource - ClubDBPool - Start completed.
2025-08-11 10:11:44 INFO  [JavaFX Application Thread] c.c.c.utils.DatabaseConnector - Database connection pool initialized successfully
2025-08-11 10:11:45 INFO  [JavaFX Application Thread] c.c.c.utils.SessionManager - Session created for username=ka1 userId=9a275c23-9b44-49a9-9924-0a80f7d415ab schoolId=9d47203f-4e54-47ac-a560-eeb277794e76
2025-08-11 10:11:45 INFO  [JavaFX Application Thread] c.c.c.controller.LoginController - User 'ka1' logged in successfully (userId=9a275c23-9b44-49a9-9924-0a80f7d415ab, schoolId=9d47203f-4e54-47ac-a560-eeb277794e76, role=coordinator)
2025-08-11 10:33:42 INFO  [JavaFX Application Thread] c.c.c.utils.DatabaseConnector - Initializing database connection pool...
2025-08-11 10:33:43 INFO  [JavaFX Application Thread] com.zaxxer.hikari.HikariDataSource - ClubDBPool - Starting...
2025-08-11 10:33:46 INFO  [JavaFX Application Thread] com.zaxxer.hikari.pool.HikariPool - ClubDBPool - Added connection org.postgresql.jdbc.PgConnection@4fe3a7c0
2025-08-11 10:33:46 INFO  [JavaFX Application Thread] com.zaxxer.hikari.HikariDataSource - ClubDBPool - Start completed.
2025-08-11 10:33:46 INFO  [JavaFX Application Thread] c.c.c.utils.DatabaseConnector - Database connection pool initialized successfully
2025-08-11 10:33:47 INFO  [JavaFX Application Thread] c.c.c.utils.SessionManager - Session created for username=mw1 userId=55cab5aa-3bc1-42a9-af0e-3c38ec9664f6 schoolId=9d47203f-4e54-47ac-a560-eeb277794e76
2025-08-11 10:33:47 INFO  [JavaFX Application Thread] c.c.c.controller.LoginController - User 'mw1' logged in successfully (userId=55cab5aa-3bc1-42a9-af0e-3c38ec9664f6, schoolId=9d47203f-4e54-47ac-a560-eeb277794e76, role=coordinator)
2025-08-11 15:26:45 INFO  [JavaFX Application Thread] c.c.c.utils.DatabaseConnector - Initializing database connection pool...
2025-08-11 15:26:45 INFO  [JavaFX Application Thread] com.zaxxer.hikari.HikariDataSource - ClubDBPool - Starting...
2025-08-11 15:26:49 INFO  [JavaFX Application Thread] com.zaxxer.hikari.pool.HikariPool - ClubDBPool - Added connection org.postgresql.jdbc.PgConnection@64c842d5
2025-08-11 15:26:49 INFO  [JavaFX Application Thread] com.zaxxer.hikari.HikariDataSource - ClubDBPool - Start completed.
2025-08-11 15:26:49 INFO  [JavaFX Application Thread] c.c.c.utils.DatabaseConnector - Database connection pool initialized successfully
2025-08-11 15:26:52 INFO  [JavaFX Application Thread] c.c.c.utils.SessionManager - Session created for username=mw1 userId=55cab5aa-3bc1-42a9-af0e-3c38ec9664f6 schoolId=9d47203f-4e54-47ac-a560-eeb277794e76
2025-08-11 15:26:52 INFO  [JavaFX Application Thread] c.c.c.controller.LoginController - User 'mw1' logged in successfully (userId=55cab5aa-3bc1-42a9-af0e-3c38ec9664f6, schoolId=9d47203f-4e54-47ac-a560-eeb277794e76, role=coordinator)
2025-08-11 15:30:45 INFO  [JavaFX Application Thread] c.c.c.utils.DatabaseConnector - Initializing database connection pool...
2025-08-11 15:30:45 INFO  [JavaFX Application Thread] com.zaxxer.hikari.HikariDataSource - ClubDBPool - Starting...
2025-08-11 15:30:47 INFO  [JavaFX Application Thread] com.zaxxer.hikari.pool.HikariPool - ClubDBPool - Added connection org.postgresql.jdbc.PgConnection@62130793
2025-08-11 15:30:47 INFO  [JavaFX Application Thread] com.zaxxer.hikari.HikariDataSource - ClubDBPool - Start completed.
2025-08-11 15:30:47 INFO  [JavaFX Application Thread] c.c.c.utils.DatabaseConnector - Database connection pool initialized successfully
2025-08-11 15:30:48 INFO  [JavaFX Application Thread] c.c.c.utils.SessionManager - Session created for username=mw1 userId=55cab5aa-3bc1-42a9-af0e-3c38ec9664f6 schoolId=9d47203f-4e54-47ac-a560-eeb277794e76
2025-08-11 15:30:48 INFO  [JavaFX Application Thread] c.c.c.controller.LoginController - User 'mw1' logged in successfully (userId=55cab5aa-3bc1-42a9-af0e-3c38ec9664f6, schoolId=9d47203f-4e54-47ac-a560-eeb277794e76, role=coordinator)
2025-08-11 15:31:45 INFO  [JavaFX Application Thread] c.c.c.utils.DatabaseConnector - Initializing database connection pool...
2025-08-11 15:31:45 INFO  [JavaFX Application Thread] com.zaxxer.hikari.HikariDataSource - ClubDBPool - Starting...
2025-08-11 15:32:06 INFO  [JavaFX Application Thread] com.zaxxer.hikari.pool.HikariPool - ClubDBPool - Added connection org.postgresql.jdbc.PgConnection@3297e06f
2025-08-11 15:32:06 INFO  [JavaFX Application Thread] com.zaxxer.hikari.HikariDataSource - ClubDBPool - Start completed.
2025-08-11 15:32:06 INFO  [JavaFX Application Thread] c.c.c.utils.DatabaseConnector - Database connection pool initialized successfully
