2025-08-13 07:30:18 INFO  [JavaFX Application Thread] c.c.c.utils.DatabaseConnector - Initializing database connection pool...
2025-08-13 07:30:19 INFO  [JavaFX Application Thread] com.zaxxer.hikari.HikariDataSource - ClubDBPool - Starting...
2025-08-13 07:30:25 INFO  [JavaFX Application Thread] com.zaxxer.hikari.pool.HikariPool - ClubDBPool - Added connection org.postgresql.jdbc.PgConnection@7d84025d
2025-08-13 07:30:25 INFO  [JavaFX Application Thread] com.zaxxer.hikari.HikariDataSource - ClubDBPool - Start completed.
2025-08-13 07:30:25 INFO  [JavaFX Application Thread] c.c.c.utils.DatabaseConnector - Database connection pool initialized successfully
2025-08-13 07:30:38 ERROR [JavaFX Application Thread] c.c.c.controller.LoginController - Email sending failed: jakarta.mail.AuthenticationFailedException: 535-5.7.8 Username and Password not accepted. For more information, go to
535 5.7.8  https://support.google.com/mail/?p=BadCredentials 5b1f17b1804b1-45a16de5f27sm12509665e9.13 - gsmtp

2025-08-13 07:54:45 INFO  [JavaFX Application Thread] c.c.c.utils.DatabaseConnector - Initializing database connection pool...
2025-08-13 07:54:46 INFO  [JavaFX Application Thread] com.zaxxer.hikari.HikariDataSource - ClubDBPool - Starting...
2025-08-13 07:54:53 INFO  [JavaFX Application Thread] com.zaxxer.hikari.pool.HikariPool - ClubDBPool - Added connection org.postgresql.jdbc.PgConnection@465378f7
2025-08-13 07:54:53 INFO  [JavaFX Application Thread] com.zaxxer.hikari.HikariDataSource - ClubDBPool - Start completed.
2025-08-13 07:54:53 INFO  [JavaFX Application Thread] c.c.c.utils.DatabaseConnector - Database connection pool initialized successfully
2025-08-13 07:55:04 ERROR [JavaFX Application Thread] c.c.c.controller.LoginController - Email sending failed: jakarta.mail.AuthenticationFailedException: 534-5.7.9 Application-specific password required. For more information, go to
534 5.7.9  https://support.google.com/mail/?p=InvalidSecondFactor 5b1f17b1804b1-45a16e30925sm12556495e9.25 - gsmtp

2025-08-13 08:39:57 INFO  [JavaFX Application Thread] c.c.c.utils.DatabaseConnector - Initializing database connection pool...
2025-08-13 08:39:58 INFO  [JavaFX Application Thread] com.zaxxer.hikari.HikariDataSource - ClubDBPool - Starting...
2025-08-13 08:40:12 INFO  [JavaFX Application Thread] com.zaxxer.hikari.pool.HikariPool - ClubDBPool - Added connection org.postgresql.jdbc.PgConnection@5da7e41b
2025-08-13 08:40:12 INFO  [JavaFX Application Thread] com.zaxxer.hikari.HikariDataSource - ClubDBPool - Start completed.
2025-08-13 08:40:12 INFO  [JavaFX Application Thread] c.c.c.utils.DatabaseConnector - Database connection pool initialized successfully
2025-08-13 09:10:17 INFO  [JavaFX Application Thread] c.c.c.utils.DatabaseConnector - Initializing database connection pool...
2025-08-13 09:10:18 INFO  [JavaFX Application Thread] com.zaxxer.hikari.HikariDataSource - ClubDBPool - Starting...
2025-08-13 09:10:29 INFO  [JavaFX Application Thread] com.zaxxer.hikari.pool.HikariPool - ClubDBPool - Added connection org.postgresql.jdbc.PgConnection@17aa1663
2025-08-13 09:10:29 INFO  [JavaFX Application Thread] com.zaxxer.hikari.HikariDataSource - ClubDBPool - Start completed.
2025-08-13 09:10:29 INFO  [JavaFX Application Thread] c.c.c.utils.DatabaseConnector - Database connection pool initialized successfully
