2025-08-19 00:12:40 INFO  [JavaFX Application Thread] com.zaxxer.hikari.HikariDataSource - CMS-Pool - Starting...
2025-08-19 00:12:58 INFO  [JavaFX Application Thread] com.zaxxer.hikari.pool.HikariPool - CMS-Pool - Added connection org.postgresql.jdbc.PgConnection@363f5bd2
2025-08-19 00:12:59 INFO  [JavaFX Application Thread] com.zaxxer.hikari.HikariDataSource - CMS-Pool - Start completed.
2025-08-19 12:44:22 INFO  [JavaFX Application Thread] com.zaxxer.hikari.HikariDataSource - CMS-Pool - Starting...
2025-08-19 12:44:26 INFO  [JavaFX Application Thread] com.zaxxer.hikari.pool.HikariPool - CMS-Pool - Added connection org.postgresql.jdbc.PgConnection@3cc3abc1
2025-08-19 12:44:26 INFO  [JavaFX Application Thread] com.zaxxer.hikari.HikariDataSource - CMS-Pool - Start completed.
2025-08-19 12:48:17 INFO  [JavaFX Application Thread] com.zaxxer.hikari.HikariDataSource - CMS-Pool - Starting...
2025-08-19 12:48:18 INFO  [JavaFX Application Thread] com.zaxxer.hikari.pool.HikariPool - CMS-Pool - Added connection org.postgresql.jdbc.PgConnection@5ecb072f
2025-08-19 12:48:18 INFO  [JavaFX Application Thread] com.zaxxer.hikari.HikariDataSource - CMS-Pool - Start completed.
2025-08-19 12:51:08 INFO  [JavaFX Application Thread] com.zaxxer.hikari.HikariDataSource - CMS-Pool - Starting...
2025-08-19 12:51:12 INFO  [JavaFX Application Thread] com.zaxxer.hikari.pool.HikariPool - CMS-Pool - Added connection org.postgresql.jdbc.PgConnection@79dcf581
2025-08-19 12:51:12 INFO  [JavaFX Application Thread] com.zaxxer.hikari.HikariDataSource - CMS-Pool - Start completed.
2025-08-19 12:58:01 INFO  [JavaFX Application Thread] com.zaxxer.hikari.HikariDataSource - CMS-Pool - Starting...
2025-08-19 12:58:02 INFO  [JavaFX Application Thread] com.zaxxer.hikari.pool.HikariPool - CMS-Pool - Added connection org.postgresql.jdbc.PgConnection@2d914722
2025-08-19 12:58:02 INFO  [JavaFX Application Thread] com.zaxxer.hikari.HikariDataSource - CMS-Pool - Start completed.
2025-08-19 13:04:21 INFO  [JavaFX Application Thread] com.zaxxer.hikari.HikariDataSource - CMS-Pool - Starting...
2025-08-19 13:04:25 INFO  [JavaFX Application Thread] com.zaxxer.hikari.pool.HikariPool - CMS-Pool - Added connection org.postgresql.jdbc.PgConnection@3aea4360
2025-08-19 13:04:25 INFO  [JavaFX Application Thread] com.zaxxer.hikari.HikariDataSource - CMS-Pool - Start completed.
2025-08-19 13:10:04 INFO  [JavaFX Application Thread] com.zaxxer.hikari.HikariDataSource - CMS-Pool - Starting...
2025-08-19 13:10:04 INFO  [JavaFX Application Thread] com.zaxxer.hikari.pool.HikariPool - CMS-Pool - Added connection org.postgresql.jdbc.PgConnection@2c8273f0
2025-08-19 13:10:04 INFO  [JavaFX Application Thread] com.zaxxer.hikari.HikariDataSource - CMS-Pool - Start completed.
2025-08-19 15:33:14 INFO  [JavaFX Application Thread] com.zaxxer.hikari.HikariDataSource - CMS-Pool - Starting...
2025-08-19 15:33:16 INFO  [JavaFX Application Thread] com.zaxxer.hikari.pool.HikariPool - CMS-Pool - Added connection org.postgresql.jdbc.PgConnection@29b8183e
2025-08-19 15:33:16 INFO  [JavaFX Application Thread] com.zaxxer.hikari.HikariDataSource - CMS-Pool - Start completed.
2025-08-19 15:35:41 INFO  [JavaFX Application Thread] com.zaxxer.hikari.HikariDataSource - CMS-Pool - Starting...
2025-08-19 15:35:41 INFO  [JavaFX Application Thread] com.zaxxer.hikari.pool.HikariPool - CMS-Pool - Added connection org.postgresql.jdbc.PgConnection@1795631a
2025-08-19 15:35:41 INFO  [JavaFX Application Thread] com.zaxxer.hikari.HikariDataSource - CMS-Pool - Start completed.
2025-08-19 15:45:56 INFO  [JavaFX Application Thread] com.zaxxer.hikari.HikariDataSource - CMS-Pool - Starting...
2025-08-19 15:45:58 INFO  [JavaFX Application Thread] com.zaxxer.hikari.pool.HikariPool - CMS-Pool - Added connection org.postgresql.jdbc.PgConnection@5841da07
2025-08-19 15:45:58 INFO  [JavaFX Application Thread] com.zaxxer.hikari.HikariDataSource - CMS-Pool - Start completed.
2025-08-19 15:52:09 INFO  [JavaFX Application Thread] com.zaxxer.hikari.HikariDataSource - CMS-Pool - Starting...
2025-08-19 15:52:16 INFO  [JavaFX Application Thread] com.zaxxer.hikari.pool.HikariPool - CMS-Pool - Added connection org.postgresql.jdbc.PgConnection@10790715
2025-08-19 15:52:16 INFO  [JavaFX Application Thread] com.zaxxer.hikari.HikariDataSource - CMS-Pool - Start completed.
2025-08-19 16:03:36 WARN  [CMS-Pool housekeeper] com.zaxxer.hikari.pool.HikariPool - CMS-Pool - Thread starvation or clock leap detected (housekeeper delta=49s334ms290µs500ns).
2025-08-19 17:08:55 INFO  [JavaFX Application Thread] com.zaxxer.hikari.HikariDataSource - CMS-Pool - Starting...
2025-08-19 17:08:58 INFO  [JavaFX Application Thread] com.zaxxer.hikari.pool.HikariPool - CMS-Pool - Added connection org.postgresql.jdbc.PgConnection@41d218c5
2025-08-19 17:08:58 INFO  [JavaFX Application Thread] com.zaxxer.hikari.HikariDataSource - CMS-Pool - Start completed.
2025-08-19 17:34:39 INFO  [JavaFX Application Thread] com.zaxxer.hikari.HikariDataSource - CMS-Pool - Starting...
2025-08-19 17:34:41 INFO  [JavaFX Application Thread] com.zaxxer.hikari.pool.HikariPool - CMS-Pool - Added connection org.postgresql.jdbc.PgConnection@4d182e08
2025-08-19 17:34:41 INFO  [JavaFX Application Thread] com.zaxxer.hikari.HikariDataSource - CMS-Pool - Start completed.
2025-08-19 18:18:55 INFO  [JavaFX Application Thread] com.zaxxer.hikari.HikariDataSource - CMS-Pool - Starting...
2025-08-19 18:19:02 INFO  [JavaFX Application Thread] com.zaxxer.hikari.pool.HikariPool - CMS-Pool - Added connection org.postgresql.jdbc.PgConnection@75066f31
2025-08-19 18:19:02 INFO  [JavaFX Application Thread] com.zaxxer.hikari.HikariDataSource - CMS-Pool - Start completed.
2025-08-19 18:28:28 INFO  [JavaFX Application Thread] com.zaxxer.hikari.HikariDataSource - CMS-Pool - Starting...
2025-08-19 18:28:33 INFO  [JavaFX Application Thread] com.zaxxer.hikari.pool.HikariPool - CMS-Pool - Added connection org.postgresql.jdbc.PgConnection@3e2ba99
2025-08-19 18:28:33 INFO  [JavaFX Application Thread] com.zaxxer.hikari.HikariDataSource - CMS-Pool - Start completed.
2025-08-19 18:32:12 INFO  [JavaFX Application Thread] c.c.c.utils.SessionManager - Session created for username=kev userId=a6b141ee-6e82-4f69-ac8c-653fbf7ea71f schoolId=9d47203f-4e54-47ac-a560-eeb277794e76
2025-08-19 18:32:12 INFO  [JavaFX Application Thread] c.c.c.controller.LoginController - User 'kev' logged in successfully (userId=a6b141ee-6e82-4f69-ac8c-653fbf7ea71f, schoolId=9d47203f-4e54-47ac-a560-eeb277794e76, role=coordinator)
2025-08-19 18:32:15 INFO  [JavaFX Application Thread] c.c.c.utils.SessionManager - Session closed
2025-08-19 18:38:07 INFO  [JavaFX Application Thread] com.zaxxer.hikari.HikariDataSource - CMS-Pool - Starting...
2025-08-19 18:38:08 INFO  [JavaFX Application Thread] com.zaxxer.hikari.pool.HikariPool - CMS-Pool - Added connection org.postgresql.jdbc.PgConnection@3e2ba99
2025-08-19 18:38:08 INFO  [JavaFX Application Thread] com.zaxxer.hikari.HikariDataSource - CMS-Pool - Start completed.
2025-08-19 18:43:01 INFO  [JavaFX Application Thread] com.zaxxer.hikari.HikariDataSource - CMS-Pool - Starting...
2025-08-19 18:43:02 INFO  [JavaFX Application Thread] com.zaxxer.hikari.pool.HikariPool - CMS-Pool - Added connection org.postgresql.jdbc.PgConnection@12c2887d
2025-08-19 18:43:02 INFO  [JavaFX Application Thread] com.zaxxer.hikari.HikariDataSource - CMS-Pool - Start completed.
2025-08-19 19:17:03 INFO  [JavaFX Application Thread] com.zaxxer.hikari.HikariDataSource - CMS-Pool - Starting...
2025-08-19 19:17:14 INFO  [JavaFX Application Thread] com.zaxxer.hikari.pool.HikariPool - CMS-Pool - Added connection org.postgresql.jdbc.PgConnection@482fe86e
2025-08-19 19:17:14 INFO  [JavaFX Application Thread] com.zaxxer.hikari.HikariDataSource - CMS-Pool - Start completed.
2025-08-19 19:19:53 INFO  [JavaFX Application Thread] com.zaxxer.hikari.HikariDataSource - CMS-Pool - Starting...
2025-08-19 19:19:54 INFO  [JavaFX Application Thread] com.zaxxer.hikari.pool.HikariPool - CMS-Pool - Added connection org.postgresql.jdbc.PgConnection@56ffd967
2025-08-19 19:19:54 INFO  [JavaFX Application Thread] com.zaxxer.hikari.HikariDataSource - CMS-Pool - Start completed.
2025-08-19 20:20:48 INFO  [JavaFX Application Thread] com.zaxxer.hikari.HikariDataSource - CMS-Pool - Starting...
2025-08-19 20:21:18 INFO  [JavaFX Application Thread] com.zaxxer.hikari.pool.HikariPool - CMS-Pool - Added connection org.postgresql.jdbc.PgConnection@4f102339
2025-08-19 20:21:18 INFO  [JavaFX Application Thread] com.zaxxer.hikari.HikariDataSource - CMS-Pool - Start completed.
2025-08-19 20:21:29 INFO  [JavaFX Application Thread] c.c.c.utils.SessionManager - Session created for username=mw1 userId=55cab5aa-3bc1-42a9-af0e-3c38ec9664f6 schoolId=9d47203f-4e54-47ac-a560-eeb277794e76
2025-08-19 20:21:29 INFO  [JavaFX Application Thread] c.c.c.controller.LoginController - User 'mw1' logged in successfully (userId=55cab5aa-3bc1-42a9-af0e-3c38ec9664f6, schoolId=9d47203f-4e54-47ac-a560-eeb277794e76, role=coordinator)
2025-08-19 20:21:47 INFO  [JavaFX Application Thread] c.c.c.utils.SessionManager - Session closed
